"../../../Engine/Content/EngineMaterials/T_Default_Material_Grid_N.uasset" 0
"../../../Engine/Content/EngineMaterials/T_Default_Material_Grid_N.uexp" 1
"../../../Engine/Content/EngineMaterials/T_Default_Material_Grid_N.ubulk" 2
"../../../Engine/Content/EngineMaterials/T_Default_Material_Grid_M.uasset" 3
"../../../Engine/Content/EngineMaterials/T_Default_Material_Grid_M.uexp" 4
"../../../Engine/Content/EngineMaterials/T_Default_Material_Grid_M.ubulk" 5
"../../../Engine/Content/Functions/Engine_MaterialFunctions01/Opacity/CameraDepthFade.uasset" 6
"../../../Engine/Content/Functions/Engine_MaterialFunctions01/Opacity/CameraDepthFade.uexp" 7
"../../../Engine/Content/EngineMaterials/WorldGridMaterial.uasset" 8
"../../../Engine/Content/EngineMaterials/WorldGridMaterial.uexp" 9
"../../../Engine/Content/ArtTools/RenderToTexture/Meshes/S_1_Unit_Plane.uasset" 10
"../../../Engine/Content/ArtTools/RenderToTexture/Meshes/S_1_Unit_Plane.uexp" 11
"../../../Engine/Content/EngineMaterials/DefaultMaterial.uasset" 12
"../../../Engine/Content/EngineMaterials/DefaultMaterial.uexp" 13
"../../../Engine/Content/BasicShapes/Cone.uasset" 14
"../../../Engine/Content/BasicShapes/Cone.uexp" 15
"../../../Engine/Content/BasicShapes/Cube.uasset" 16
"../../../Engine/Content/BasicShapes/Cube.uexp" 17
"../../../Engine/Content/BasicShapes/Plane.uasset" 18
"../../../Engine/Content/BasicShapes/Plane.uexp" 19
"../../../Engine/Content/EngineMaterials/DefaultPhysicalMaterial.uasset" 20
"../../../Engine/Content/EngineMaterials/DefaultPhysicalMaterial.uexp" 21
"../../../Engine/Content/BufferVisualization/AmbientOcclusion.uasset" 22
"../../../Engine/Content/BufferVisualization/AmbientOcclusion.uexp" 23
"../../../Engine/Content/Functions/Engine_MaterialFunctions02/Utility/AppendMany.uasset" 24
"../../../Engine/Content/Functions/Engine_MaterialFunctions02/Utility/AppendMany.uexp" 25
"../../../Engine/Content/BufferVisualization/Anisotropy.uasset" 26
"../../../Engine/Content/BufferVisualization/Anisotropy.uexp" 27
"../../../Engine/Content/BufferVisualization/BaseColor.uasset" 28
"../../../Engine/Content/BufferVisualization/BaseColor.uexp" 29
"../../../Engine/Content/BufferVisualization/CustomDepth.uasset" 30
"../../../Engine/Content/BufferVisualization/CustomDepth.uexp" 31
"../../../Engine/Content/Functions/Engine_MaterialFunctions02/Utility/VectorLength.uasset" 32
"../../../Engine/Content/Functions/Engine_MaterialFunctions02/Utility/VectorLength.uexp" 33
"../../../Engine/Content/BufferVisualization/CustomDepthWorldUnits.uasset" 34
"../../../Engine/Content/BufferVisualization/CustomDepthWorldUnits.uexp" 35
"../../../Engine/Content/EngineMaterials/MiniFont.uasset" 36
"../../../Engine/Content/EngineMaterials/MiniFont.uexp" 37
"../../../Engine/Content/Functions/Engine_MaterialFunctions02/Utility/MakeFloat3.uasset" 38
"../../../Engine/Content/Functions/Engine_MaterialFunctions02/Utility/MakeFloat3.uexp" 39
"../../../Engine/Content/Functions/Engine_MaterialFunctions02/Utility/MakeFloat2.uasset" 40
"../../../Engine/Content/Functions/Engine_MaterialFunctions02/Utility/MakeFloat2.uexp" 41
"../../../Engine/Content/Functions/Engine_MaterialFunctions02/ScreenResolution.uasset" 42
"../../../Engine/Content/Functions/Engine_MaterialFunctions02/ScreenResolution.uexp" 43
"../../../Engine/Content/Functions/Engine_MaterialFunctions02/Utility/BreakOutFloat2Components.uasset" 44
"../../../Engine/Content/Functions/Engine_MaterialFunctions02/Utility/BreakOutFloat2Components.uexp" 45
"../../../Engine/Content/Functions/Engine_MaterialFunctions01/Texturing/ScaleUVsByCenter.uasset" 46
"../../../Engine/Content/Functions/Engine_MaterialFunctions01/Texturing/ScaleUVsByCenter.uexp" 47
"../../../Engine/Content/Functions/Engine_MaterialFunctions02/Texturing/ScreenAlignedUVs.uasset" 48
"../../../Engine/Content/Functions/Engine_MaterialFunctions02/Texturing/ScreenAlignedUVs.uexp" 49
"../../../Engine/Content/BufferVisualization/CustomStencil.uasset" 50
"../../../Engine/Content/BufferVisualization/CustomStencil.uexp" 51
"../../../Engine/Content/BufferVisualization/FinalImage.uasset" 52
"../../../Engine/Content/BufferVisualization/FinalImage.uexp" 53
"../../../Engine/Content/BufferVisualization/LightingModel.uasset" 54
"../../../Engine/Content/BufferVisualization/LightingModel.uexp" 55
"../../../Engine/Content/BufferVisualization/MaterialAO.uasset" 56
"../../../Engine/Content/BufferVisualization/MaterialAO.uexp" 57
"../../../Engine/Content/BufferVisualization/Metallic.uasset" 58
"../../../Engine/Content/BufferVisualization/Metallic.uexp" 59
"../../../Engine/Content/BufferVisualization/Opacity.uasset" 60
"../../../Engine/Content/BufferVisualization/Opacity.uexp" 61
"../../../Engine/Content/BufferVisualization/PostTonemapHDRColor.uasset" 62
"../../../Engine/Content/BufferVisualization/PostTonemapHDRColor.uexp" 63
"../../../Engine/Content/BufferVisualization/PreTonemapHDRColor.uasset" 64
"../../../Engine/Content/BufferVisualization/PreTonemapHDRColor.uexp" 65
"../../../Engine/Content/BufferVisualization/Roughness.uasset" 66
"../../../Engine/Content/BufferVisualization/Roughness.uexp" 67
"../../../Engine/Content/BufferVisualization/SceneColor.uasset" 68
"../../../Engine/Content/BufferVisualization/SceneColor.uexp" 69
"../../../Engine/Content/BufferVisualization/SceneDepth.uasset" 70
"../../../Engine/Content/BufferVisualization/SceneDepth.uexp" 71
"../../../Engine/Content/BufferVisualization/SceneDepthWorldUnits.uasset" 72
"../../../Engine/Content/BufferVisualization/SceneDepthWorldUnits.uexp" 73
"../../../Engine/Content/BufferVisualization/SeparateTranslucencyA.uasset" 74
"../../../Engine/Content/BufferVisualization/SeparateTranslucencyA.uexp" 75
"../../../Engine/Content/BufferVisualization/SeparateTranslucencyRGB.uasset" 76
"../../../Engine/Content/BufferVisualization/SeparateTranslucencyRGB.uexp" 77
"../../../Engine/Content/BufferVisualization/Specular.uasset" 78
"../../../Engine/Content/BufferVisualization/Specular.uexp" 79
"../../../Engine/Content/BufferVisualization/SubsurfaceColor.uasset" 80
"../../../Engine/Content/BufferVisualization/SubsurfaceColor.uexp" 81
"../../../Engine/Content/BufferVisualization/Velocity.uasset" 82
"../../../Engine/Content/BufferVisualization/Velocity.uexp" 83
"../../../Engine/Content/BufferVisualization/WorldNormal.uasset" 84
"../../../Engine/Content/BufferVisualization/WorldNormal.uexp" 85
"../../../Engine/Content/BufferVisualization/WorldTangent.uasset" 86
"../../../Engine/Content/BufferVisualization/WorldTangent.uexp" 87
"../../../Engine/Content/EditorLandscapeResources/DataLayer.uasset" 88
"../../../Engine/Content/EditorLandscapeResources/DataLayer.uexp" 89
"../../../Engine/Content/EditorLandscapeResources/DefaultAlphaTexture.uasset" 90
"../../../Engine/Content/EditorLandscapeResources/DefaultAlphaTexture.uexp" 91
"../../../Engine/Content/EditorLandscapeResources/LandscapeGizmoHeight_Mat.uasset" 92
"../../../Engine/Content/EditorLandscapeResources/LandscapeGizmoHeight_Mat.uexp" 93
"../../../Engine/Content/EditorLandscapeResources/LandscapeGizmo_Mat.uasset" 94
"../../../Engine/Content/EditorLandscapeResources/LandscapeGizmo_Mat.uexp" 95
"../../../Engine/Content/EditorLandscapeResources/LandscapeGizmo_Mat_Copied.uasset" 96
"../../../Engine/Content/EditorLandscapeResources/LandscapeGizmo_Mat_Copied.uexp" 97
"../../../Engine/Content/EditorLandscapeResources/SplineEditorMeshMat.uasset" 98
"../../../Engine/Content/EditorLandscapeResources/SplineEditorMeshMat.uexp" 99
"../../../Engine/Content/EditorLandscapeResources/SplineEditorMesh.uasset" 100
"../../../Engine/Content/EditorLandscapeResources/SplineEditorMesh.uexp" 101
"../../../Engine/Content/EditorMaterials/Cross.uasset" 102
"../../../Engine/Content/EditorMaterials/Cross.uexp" 103
"../../../Engine/Content/EditorMaterials/Cross_Mat.uasset" 104
"../../../Engine/Content/EditorMaterials/Cross_Mat.uexp" 105
"../../../Engine/Content/EditorResources/T_EditorHelp.uasset" 106
"../../../Engine/Content/EditorResources/T_EditorHelp.uexp" 107
"../../../Engine/Content/EditorResources/T_EditorHelp.ubulk" 108
"../../../Engine/Content/Functions/Engine_MaterialFunctions02/Utility/Sign.uasset" 109
"../../../Engine/Content/Functions/Engine_MaterialFunctions02/Utility/Sign.uexp" 110
"../../../Engine/Content/Functions/Engine_MaterialFunctions02/Utility/Round.uasset" 111
"../../../Engine/Content/Functions/Engine_MaterialFunctions02/Utility/Round.uexp" 112
"../../../Engine/Content/Functions/Engine_MaterialFunctions02/ExampleContent/Textures/DebugNumberPeriod.uasset" 113
"../../../Engine/Content/Functions/Engine_MaterialFunctions02/ExampleContent/Textures/DebugNumberPeriod.uexp" 114
"../../../Engine/Content/Functions/Engine_MaterialFunctions02/ExampleContent/DebugNumberStrip.uasset" 115
"../../../Engine/Content/Functions/Engine_MaterialFunctions02/ExampleContent/DebugNumberStrip.uexp" 116
"../../../Engine/Content/EngineMaterials/DefaultDiffuse.uasset" 117
"../../../Engine/Content/EngineMaterials/DefaultDiffuse.uexp" 118
"../../../Engine/Content/EngineMaterials/DefaultDiffuse.ubulk" 119
"../../../Engine/Content/Functions/Engine_MaterialFunctions01/Texturing/TextureCropping.uasset" 120
"../../../Engine/Content/Functions/Engine_MaterialFunctions01/Texturing/TextureCropping.uexp" 121
"../../../Engine/Content/Functions/Engine_MaterialFunctions01/Texturing/ComputeMipLevel.uasset" 122
"../../../Engine/Content/Functions/Engine_MaterialFunctions01/Texturing/ComputeMipLevel.uexp" 123
"../../../Engine/Content/Functions/Engine_MaterialFunctions02/Utility/DebugScalarValues.uasset" 124
"../../../Engine/Content/Functions/Engine_MaterialFunctions02/Utility/DebugScalarValues.uexp" 125
"../../../Engine/Content/Functions/Engine_MaterialFunctions02/Utility/DebugFloat2Values.uasset" 126
"../../../Engine/Content/Functions/Engine_MaterialFunctions02/Utility/DebugFloat2Values.uexp" 127
"../../../Engine/Content/Functions/Engine_MaterialFunctions02/ExampleContent/Textures/flipbook.uasset" 128
"../../../Engine/Content/Functions/Engine_MaterialFunctions02/ExampleContent/Textures/flipbook.uexp" 129
"../../../Engine/Content/Functions/Engine_MaterialFunctions02/ExampleContent/Textures/flipbook.ubulk" 130
"../../../Engine/Content/Functions/Engine_MaterialFunctions02/Texturing/FlipBook.uasset" 131
"../../../Engine/Content/Functions/Engine_MaterialFunctions02/Texturing/FlipBook.uexp" 132
"../../../Engine/Content/EditorMaterials/HelpActorMaterial.uasset" 133
"../../../Engine/Content/EditorMaterials/HelpActorMaterial.uexp" 134
"../../../Engine/Content/Functions/Engine_MaterialFunctions03/Procedurals/ComputeFilterWidth.uasset" 135
"../../../Engine/Content/Functions/Engine_MaterialFunctions03/Procedurals/ComputeFilterWidth.uexp" 136
"../../../Engine/Content/EngineMaterials/BlendFunc_DefBlend.uasset" 137
"../../../Engine/Content/EngineMaterials/BlendFunc_DefBlend.uexp" 138
"../../../Engine/Content/EngineMaterials/BlendFunc_DefBase.uasset" 139
"../../../Engine/Content/EngineMaterials/BlendFunc_DefBase.uexp" 140
"../../../Engine/Content/Functions/Engine_MaterialFunctions03/Blends/Blend_Screen.uasset" 141
"../../../Engine/Content/Functions/Engine_MaterialFunctions03/Blends/Blend_Screen.uexp" 142
"../../../Engine/Content/EditorMaterials/TilingAALineIntegral.uasset" 143
"../../../Engine/Content/EditorMaterials/TilingAALineIntegral.uexp" 144
"../../../Engine/Content/EditorMaterials/TilingAALineBoxFiltered.uasset" 145
"../../../Engine/Content/EditorMaterials/TilingAALineBoxFiltered.uexp" 146
"../../../Engine/Content/EditorMaterials/TilingAAGrid.uasset" 147
"../../../Engine/Content/EditorMaterials/TilingAAGrid.uexp" 148
"../../../Engine/Content/EditorMaterials/TilingAADots.uasset" 149
"../../../Engine/Content/EditorMaterials/TilingAADots.uexp" 150
"../../../Engine/Content/EditorMaterials/CompositeARGBLayer.uasset" 151
"../../../Engine/Content/EditorMaterials/CompositeARGBLayer.uexp" 152
"../../../Engine/Content/EditorMaterials/LevelGridMaterial.uasset" 153
"../../../Engine/Content/EditorMaterials/LevelGridMaterial.uexp" 154
"../../../Engine/Content/EditorResources/LevelGrid1DStripes.uasset" 155
"../../../Engine/Content/EditorResources/LevelGrid1DStripes.uexp" 156
"../../../Engine/Content/EditorMaterials/TextureGridCascaded1D.uasset" 157
"../../../Engine/Content/EditorMaterials/TextureGridCascaded1D.uexp" 158
"../../../Engine/Content/EditorMaterials/TextureGridCascaded2D.uasset" 159
"../../../Engine/Content/EditorMaterials/TextureGridCascaded2D.uexp" 160
"../../../Engine/Content/EditorMaterials/MakeCompositeARGBLayer.uasset" 161
"../../../Engine/Content/EditorMaterials/MakeCompositeARGBLayer.uexp" 162
"../../../Engine/Content/EditorMaterials/LevelGridMaterial2.uasset" 163
"../../../Engine/Content/EditorMaterials/LevelGridMaterial2.uexp" 164
"../../../Engine/Content/EditorMaterials/MAT_Groups_Toggle.uasset" 165
"../../../Engine/Content/EditorMaterials/MAT_Groups_Toggle.uexp" 166
"../../../Engine/Content/EditorMaterials/MAT_Groups_Visibility.uasset" 167
"../../../Engine/Content/EditorMaterials/MAT_Groups_Visibility.uexp" 168
"../../../Engine/Content/EditorMaterials/PhAT_BoneSelectedMaterial.uasset" 169
"../../../Engine/Content/EditorMaterials/PhAT_BoneSelectedMaterial.uexp" 170
"../../../Engine/Content/EditorMaterials/PhAT_ElemSelectedMaterial.uasset" 171
"../../../Engine/Content/EditorMaterials/PhAT_ElemSelectedMaterial.uexp" 172
"../../../Engine/Content/EditorMaterials/PhAT_NoCollisionMaterial.uasset" 173
"../../../Engine/Content/EditorMaterials/PhAT_NoCollisionMaterial.uexp" 174
"../../../Engine/Content/EditorMaterials/PhAT_UnselectedMaterial.uasset" 175
"../../../Engine/Content/EditorMaterials/PhAT_UnselectedMaterial.uexp" 176
"../../../Engine/Content/EditorMaterials/PreviewShadowIndicator.uasset" 177
"../../../Engine/Content/EditorMaterials/PreviewShadowIndicator.uexp" 178
"../../../Engine/Content/EditorMaterials/PreviewShadowIndicator.ubulk" 179
"../../../Engine/Content/EditorMaterials/PreviewShadowIndicatorMaterial.uasset" 180
"../../../Engine/Content/EditorMaterials/PreviewShadowIndicatorMaterial.uexp" 181
"../../../Engine/Content/EditorMaterials/TargetIcon.uasset" 182
"../../../Engine/Content/EditorMaterials/TargetIcon.uexp" 183
"../../../Engine/Content/EditorMaterials/TargetIcon.ubulk" 184
"../../../Engine/Content/EditorMaterials/Tick.uasset" 185
"../../../Engine/Content/EditorMaterials/Tick.uexp" 186
"../../../Engine/Content/EditorMaterials/Tick_Mat.uasset" 187
"../../../Engine/Content/EditorMaterials/Tick_Mat.uexp" 188
"../../../Engine/Content/EditorMaterials/WidgetGridVertexColorMaterial.uasset" 189
"../../../Engine/Content/EditorMaterials/WidgetGridVertexColorMaterial.uexp" 190
"../../../Engine/Content/EditorMaterials/WidgetGridVertexColorMaterial.ubulk" 191
"../../../Engine/Content/EditorMaterials/WidgetGridVertexColorMaterial_Ma.uasset" 192
"../../../Engine/Content/EditorMaterials/WidgetGridVertexColorMaterial_Ma.uexp" 193
"../../../Engine/Content/EditorMaterials/WidgetMaterial.uasset" 194
"../../../Engine/Content/EditorMaterials/WidgetMaterial.uexp" 195
"../../../Engine/Content/EditorMaterials/WidgetMaterial_Current.uasset" 196
"../../../Engine/Content/EditorMaterials/WidgetMaterial_Current.uexp" 197
"../../../Engine/Content/EditorMaterials/WidgetMaterial_X.uasset" 198
"../../../Engine/Content/EditorMaterials/WidgetMaterial_X.uexp" 199
"../../../Engine/Content/EditorMaterials/WidgetMaterial_Y.uasset" 200
"../../../Engine/Content/EditorMaterials/WidgetMaterial_Y.uexp" 201
"../../../Engine/Content/EditorMaterials/WidgetMaterial_Z.uasset" 202
"../../../Engine/Content/EditorMaterials/WidgetMaterial_Z.uexp" 203
"../../../Engine/Content/EditorMaterials/WidgetVertexColorMaterial.uasset" 204
"../../../Engine/Content/EditorMaterials/WidgetVertexColorMaterial.uexp" 205
"../../../Engine/Content/EditorMaterials/MatineeGroups/MAT_ColorTrack.uasset" 206
"../../../Engine/Content/EditorMaterials/MatineeGroups/MAT_ColorTrack.uexp" 207
"../../../Engine/Content/EditorMaterials/MatineeGroups/MAT_Groups_Anim.uasset" 208
"../../../Engine/Content/EditorMaterials/MatineeGroups/MAT_Groups_Anim.uexp" 209
"../../../Engine/Content/EditorMaterials/MatineeGroups/MAT_Groups_AudioMaster.uasset" 210
"../../../Engine/Content/EditorMaterials/MatineeGroups/MAT_Groups_AudioMaster.uexp" 211
"../../../Engine/Content/EditorMaterials/MatineeGroups/MAT_Groups_Director.uasset" 212
"../../../Engine/Content/EditorMaterials/MatineeGroups/MAT_Groups_Director.uexp" 213
"../../../Engine/Content/EditorMaterials/MatineeGroups/MAT_Groups_Event.uasset" 214
"../../../Engine/Content/EditorMaterials/MatineeGroups/MAT_Groups_Event.uexp" 215
"../../../Engine/Content/EditorMaterials/MatineeGroups/MAT_Groups_Fade.uasset" 216
"../../../Engine/Content/EditorMaterials/MatineeGroups/MAT_Groups_Fade.uexp" 217
"../../../Engine/Content/EditorMaterials/MatineeGroups/MAT_Groups_Float.uasset" 218
"../../../Engine/Content/EditorMaterials/MatineeGroups/MAT_Groups_Float.uexp" 219
"../../../Engine/Content/EditorMaterials/MatineeGroups/MAT_Groups_Move.uasset" 220
"../../../Engine/Content/EditorMaterials/MatineeGroups/MAT_Groups_Move.uexp" 221
"../../../Engine/Content/EditorMaterials/MatineeGroups/MAT_Groups_Slomo.uasset" 222
"../../../Engine/Content/EditorMaterials/MatineeGroups/MAT_Groups_Slomo.uexp" 223
"../../../Engine/Content/EditorMaterials/MatineeGroups/MAT_Groups_Sound.uasset" 224
"../../../Engine/Content/EditorMaterials/MatineeGroups/MAT_Groups_Sound.uexp" 225
"../../../Engine/Content/EditorMaterials/MatineeGroups/MAT_Groups_Vector.uasset" 226
"../../../Engine/Content/EditorMaterials/MatineeGroups/MAT_Groups_Vector.uexp" 227
"../../../Engine/Content/EditorMaterials/ParticleSystems/PSysThumbnail_NoImage.uasset" 228
"../../../Engine/Content/EditorMaterials/ParticleSystems/PSysThumbnail_NoImage.uexp" 229
"../../../Engine/Content/EditorMaterials/ParticleSystems/PSysThumbnail_NoImage.ubulk" 230
"../../../Engine/Content/EditorMaterials/ParticleSystems/PSysThumbnail_OOD.uasset" 231
"../../../Engine/Content/EditorMaterials/ParticleSystems/PSysThumbnail_OOD.uexp" 232
"../../../Engine/Content/EditorMaterials/ParticleSystems/PSysThumbnail_OOD.ubulk" 233
"../../../Engine/Content/EngineMaterials/Grid.uasset" 234
"../../../Engine/Content/EngineMaterials/Grid.uexp" 235
"../../../Engine/Content/EngineMaterials/Grid.ubulk" 236
"../../../Engine/Content/EditorMaterials/Thumbnails/FloorPlaneMaterial.uasset" 237
"../../../Engine/Content/EditorMaterials/Thumbnails/FloorPlaneMaterial.uexp" 238
"../../../Engine/Content/EditorMeshes/EditorCube.uasset" 239
"../../../Engine/Content/EditorMeshes/EditorCube.uexp" 240
"../../../Engine/Content/EditorMeshes/EditorCylinder.uasset" 241
"../../../Engine/Content/EditorMeshes/EditorCylinder.uexp" 242
"../../../Engine/Content/EditorMeshes/EditorPlane.uasset" 243
"../../../Engine/Content/EditorMeshes/EditorPlane.uexp" 244
"../../../Engine/Content/EditorMaterials/Thumbnails/SkySphereMaterial.uasset" 245
"../../../Engine/Content/EditorMaterials/Thumbnails/SkySphereMaterial.uexp" 246
"../../../Engine/Content/EditorMeshes/EditorSkySphere.uasset" 247
"../../../Engine/Content/EditorMeshes/EditorSkySphere.uexp" 248
"../../../Engine/Content/EditorMeshes/EditorSphere.uasset" 249
"../../../Engine/Content/EditorMeshes/EditorSphere.uexp" 250
"../../../Engine/Content/EditorResources/MatineeCam_D.uasset" 251
"../../../Engine/Content/EditorResources/MatineeCam_D.uexp" 252
"../../../Engine/Content/EditorMaterials/MatineeCam_mat.uasset" 253
"../../../Engine/Content/EditorMaterials/MatineeCam_mat.uexp" 254
"../../../Engine/Content/EditorMeshes/MatineeCam_SM.uasset" 255
"../../../Engine/Content/EditorMeshes/MatineeCam_SM.uexp" 256
"../../../Engine/Content/EditorMeshes/PlanarReflectionPlane.uasset" 257
"../../../Engine/Content/EditorMeshes/PlanarReflectionPlane.uexp" 258
"../../../Engine/Content/EngineDebugMaterials/M_SimpleOpaque.uasset" 259
"../../../Engine/Content/EngineDebugMaterials/M_SimpleOpaque.uexp" 260
"../../../Engine/Content/EditorMaterials/Camera/MI_CineMat_CamViewFinder.uasset" 261
"../../../Engine/Content/EditorMaterials/Camera/MI_CineMat_CamViewFinder.uexp" 262
"../../../Engine/Content/EditorMaterials/Camera/CineMat.uasset" 263
"../../../Engine/Content/EditorMaterials/Camera/CineMat.uexp" 264
"../../../Engine/Content/EditorMaterials/Camera/MI_CineMat_CameraBody.uasset" 265
"../../../Engine/Content/EditorMaterials/Camera/MI_CineMat_CameraBody.uexp" 266
"../../../Engine/Content/EditorMeshes/Camera/SM_CineCam.uasset" 267
"../../../Engine/Content/EditorMeshes/Camera/SM_CineCam.uexp" 268
"../../../Engine/Content/EditorMaterials/Camera/MI_CineMat_Rig.uasset" 269
"../../../Engine/Content/EditorMaterials/Camera/MI_CineMat_Rig.uexp" 270
"../../../Engine/Content/EditorMeshes/Camera/SM_CraneRig_Arm.uasset" 271
"../../../Engine/Content/EditorMeshes/Camera/SM_CraneRig_Arm.uexp" 272
"../../../Engine/Content/EditorMeshes/Camera/SM_CraneRig_Base.uasset" 273
"../../../Engine/Content/EditorMeshes/Camera/SM_CraneRig_Base.uexp" 274
"../../../Engine/Content/EditorMeshes/Camera/SM_CraneRig_Body.uasset" 275
"../../../Engine/Content/EditorMeshes/Camera/SM_CraneRig_Body.uexp" 276
"../../../Engine/Content/EditorMeshes/Camera/SM_CraneRig_Mount.uasset" 277
"../../../Engine/Content/EditorMeshes/Camera/SM_CraneRig_Mount.uexp" 278
"../../../Engine/Content/EditorMeshes/Camera/SM_RailRig_Mount.uasset" 279
"../../../Engine/Content/EditorMeshes/Camera/SM_RailRig_Mount.uexp" 280
"../../../Engine/Content/EditorMeshes/Camera/SM_RailRig_Track.uasset" 281
"../../../Engine/Content/EditorMeshes/Camera/SM_RailRig_Track.uexp" 282
"../../../Engine/Content/EditorMeshes/ColorCalibrator/M_ChromeBall.uasset" 283
"../../../Engine/Content/EditorMeshes/ColorCalibrator/M_ChromeBall.uexp" 284
"../../../Engine/Content/EditorResources/Bad.uasset" 285
"../../../Engine/Content/EditorResources/Bad.uexp" 286
"../../../Engine/Content/EditorResources/Bad.ubulk" 287
"../../../Engine/Content/EditorResources/BSPVertex.uasset" 288
"../../../Engine/Content/EditorResources/BSPVertex.uexp" 289
"../../../Engine/Content/EditorResources/MatInstActSprite.uasset" 290
"../../../Engine/Content/EditorResources/MatInstActSprite.uexp" 291
"../../../Engine/Content/EditorResources/MatInstActSprite.ubulk" 292
"../../../Engine/Content/EditorResources/SceneManager.uasset" 293
"../../../Engine/Content/EditorResources/SceneManager.uexp" 294
"../../../Engine/Content/EditorResources/SceneManager.ubulk" 295
"../../../Engine/Content/EditorResources/SmallFont.uasset" 296
"../../../Engine/Content/EditorResources/SmallFont.uexp" 297
"../../../Engine/Content/EditorResources/S_Actor.uasset" 298
"../../../Engine/Content/EditorResources/S_Actor.uexp" 299
"../../../Engine/Content/EditorResources/S_Actor.ubulk" 300
"../../../Engine/Content/EditorResources/S_CameraShakeSource.uasset" 301
"../../../Engine/Content/EditorResources/S_CameraShakeSource.uexp" 302
"../../../Engine/Content/EditorResources/S_DecalActorIcon.uasset" 303
"../../../Engine/Content/EditorResources/S_DecalActorIcon.uexp" 304
"../../../Engine/Content/EditorResources/S_DecalActorIcon.ubulk" 305
"../../../Engine/Content/EditorResources/S_Emitter.uasset" 306
"../../../Engine/Content/EditorResources/S_Emitter.uexp" 307
"../../../Engine/Content/EditorResources/S_Emitter.ubulk" 308
"../../../Engine/Content/EditorResources/S_ExpoHeightFog.uasset" 309
"../../../Engine/Content/EditorResources/S_ExpoHeightFog.uexp" 310
"../../../Engine/Content/EditorResources/S_ExpoHeightFog.ubulk" 311
"../../../Engine/Content/EditorResources/S_FTest.uasset" 312
"../../../Engine/Content/EditorResources/S_FTest.uexp" 313
"../../../Engine/Content/EditorResources/S_KBSJoint.uasset" 314
"../../../Engine/Content/EditorResources/S_KBSJoint.uexp" 315
"../../../Engine/Content/EditorResources/S_KBSJoint.ubulk" 316
"../../../Engine/Content/EditorResources/S_KHinge.uasset" 317
"../../../Engine/Content/EditorResources/S_KHinge.uexp" 318
"../../../Engine/Content/EditorResources/S_KHinge.ubulk" 319
"../../../Engine/Content/EditorResources/S_KPrismatic.uasset" 320
"../../../Engine/Content/EditorResources/S_KPrismatic.uexp" 321
"../../../Engine/Content/EditorResources/S_KPrismatic.ubulk" 322
"../../../Engine/Content/EditorResources/S_LevelSequence.uasset" 323
"../../../Engine/Content/EditorResources/S_LevelSequence.uexp" 324
"../../../Engine/Content/EditorResources/S_LevelSequence.ubulk" 325
"../../../Engine/Content/EditorResources/S_NavP.uasset" 326
"../../../Engine/Content/EditorResources/S_NavP.uexp" 327
"../../../Engine/Content/EditorResources/S_NavP.ubulk" 328
"../../../Engine/Content/EditorResources/S_Note.uasset" 329
"../../../Engine/Content/EditorResources/S_Note.uexp" 330
"../../../Engine/Content/EditorResources/S_Note.ubulk" 331
"../../../Engine/Content/EditorResources/S_Player.uasset" 332
"../../../Engine/Content/EditorResources/S_Player.uexp" 333
"../../../Engine/Content/EditorResources/S_Player.ubulk" 334
"../../../Engine/Content/EditorResources/S_PortalActorIcon2.uasset" 335
"../../../Engine/Content/EditorResources/S_PortalActorIcon2.uexp" 336
"../../../Engine/Content/EditorResources/S_PortalActorIcon2.ubulk" 337
"../../../Engine/Content/EditorResources/S_RadForce.uasset" 338
"../../../Engine/Content/EditorResources/S_RadForce.uexp" 339
"../../../Engine/Content/EditorResources/S_RadForce.ubulk" 340
"../../../Engine/Content/EditorResources/S_ReflActorIcon.uasset" 341
"../../../Engine/Content/EditorResources/S_ReflActorIcon.uexp" 342
"../../../Engine/Content/EditorResources/S_ReflActorIcon.ubulk" 343
"../../../Engine/Content/EditorResources/S_SkyAtmosphere.uasset" 344
"../../../Engine/Content/EditorResources/S_SkyAtmosphere.uexp" 345
"../../../Engine/Content/EditorResources/S_SkyAtmosphere.ubulk" 346
"../../../Engine/Content/EditorResources/S_Solver.uasset" 347
"../../../Engine/Content/EditorResources/S_Solver.uexp" 348
"../../../Engine/Content/EditorResources/S_Solver.ubulk" 349
"../../../Engine/Content/EditorResources/S_Terrain.uasset" 350
"../../../Engine/Content/EditorResources/S_Terrain.uexp" 351
"../../../Engine/Content/EditorResources/S_Terrain.ubulk" 352
"../../../Engine/Content/EditorResources/S_TextRenderActorIcon.uasset" 353
"../../../Engine/Content/EditorResources/S_TextRenderActorIcon.uexp" 354
"../../../Engine/Content/EditorResources/S_TextRenderActorIcon.ubulk" 355
"../../../Engine/Content/EditorResources/S_Thruster.uasset" 356
"../../../Engine/Content/EditorResources/S_Thruster.uexp" 357
"../../../Engine/Content/EditorResources/S_Thruster.ubulk" 358
"../../../Engine/Content/EditorResources/S_Trigger.uasset" 359
"../../../Engine/Content/EditorResources/S_Trigger.uexp" 360
"../../../Engine/Content/EditorResources/S_Trigger.ubulk" 361
"../../../Engine/Content/EditorResources/S_VectorFieldVol.uasset" 362
"../../../Engine/Content/EditorResources/S_VectorFieldVol.uexp" 363
"../../../Engine/Content/EditorResources/S_VectorFieldVol.ubulk" 364
"../../../Engine/Content/EditorResources/S_VolumetricCloud.uasset" 365
"../../../Engine/Content/EditorResources/S_VolumetricCloud.uexp" 366
"../../../Engine/Content/EditorResources/S_VolumetricCloud.ubulk" 367
"../../../Engine/Content/EditorResources/S_WindDirectional.uasset" 368
"../../../Engine/Content/EditorResources/S_WindDirectional.uexp" 369
"../../../Engine/Content/EditorResources/S_WindDirectional.ubulk" 370
"../../../Engine/Content/EditorResources/AI/S_NavLink.uasset" 371
"../../../Engine/Content/EditorResources/AI/S_NavLink.uexp" 372
"../../../Engine/Content/EditorResources/LightIcons/SkyLight.uasset" 373
"../../../Engine/Content/EditorResources/LightIcons/SkyLight.uexp" 374
"../../../Engine/Content/EditorResources/LightIcons/S_LightDirectional.uasset" 375
"../../../Engine/Content/EditorResources/LightIcons/S_LightDirectional.uexp" 376
"../../../Engine/Content/EditorResources/LightIcons/S_LightDirectionalMove.uasset" 377
"../../../Engine/Content/EditorResources/LightIcons/S_LightDirectionalMove.uexp" 378
"../../../Engine/Content/EditorResources/LightIcons/S_LightError.uasset" 379
"../../../Engine/Content/EditorResources/LightIcons/S_LightError.uexp" 380
"../../../Engine/Content/EditorResources/LightIcons/S_LightPoint.uasset" 381
"../../../Engine/Content/EditorResources/LightIcons/S_LightPoint.uexp" 382
"../../../Engine/Content/EditorResources/LightIcons/S_LightPointMove.uasset" 383
"../../../Engine/Content/EditorResources/LightIcons/S_LightPointMove.uexp" 384
"../../../Engine/Content/EditorResources/LightIcons/S_LightSpot.uasset" 385
"../../../Engine/Content/EditorResources/LightIcons/S_LightSpot.uexp" 386
"../../../Engine/Content/EditorResources/LightIcons/S_LightSpotMove.uasset" 387
"../../../Engine/Content/EditorResources/LightIcons/S_LightSpotMove.uexp" 388
"../../../Engine/Content/EditorResources/SequenceRecorder/Countdown.uasset" 389
"../../../Engine/Content/EditorResources/SequenceRecorder/Countdown.uexp" 390
"../../../Engine/Content/EditorResources/SequenceRecorder/RecordingIndicator.uasset" 391
"../../../Engine/Content/EditorResources/SequenceRecorder/RecordingIndicator.uexp" 392
"../../../Engine/Content/EditorResources/Spline/T_Loft_Spline.uasset" 393
"../../../Engine/Content/EditorResources/Spline/T_Loft_Spline.uexp" 394
"../../../Engine/Content/EditorSounds/Notifications/CompileSuccess.uasset" 395
"../../../Engine/Content/EditorSounds/Notifications/CompileSuccess.uexp" 396
"../../../Engine/Content/EditorSounds/Notifications/CompileStart_Cue.uasset" 397
"../../../Engine/Content/EditorSounds/Notifications/CompileStart_Cue.uexp" 398
"../../../Engine/Content/EngineDamageTypes/DmgTypeBP_Environmental.uasset" 399
"../../../Engine/Content/EngineDamageTypes/DmgTypeBP_Environmental.uexp" 400
"../../../Engine/Content/EngineDebugMaterials/HeatmapGradient.uasset" 401
"../../../Engine/Content/EngineDebugMaterials/HeatmapGradient.uexp" 402
"../../../Engine/Content/EngineDebugMaterials/HeatmapGradient.ubulk" 403
"../../../Engine/Content/EngineDebugMaterials/BoneWeightMaterial.uasset" 404
"../../../Engine/Content/EngineDebugMaterials/BoneWeightMaterial.uexp" 405
"../../../Engine/Content/EngineDebugMaterials/ClothMaterial.uasset" 406
"../../../Engine/Content/EngineDebugMaterials/ClothMaterial.uexp" 407
"../../../Engine/Content/EngineDebugMaterials/ClothMaterial_WF.uasset" 408
"../../../Engine/Content/EngineDebugMaterials/ClothMaterial_WF.uexp" 409
"../../../Engine/Content/EngineDebugMaterials/DebugEditorMaterial.uasset" 410
"../../../Engine/Content/EngineDebugMaterials/DebugEditorMaterial.uexp" 411
"../../../Engine/Content/EngineDebugMaterials/DebugMeshMaterial.uasset" 412
"../../../Engine/Content/EngineDebugMaterials/DebugMeshMaterial.uexp" 413
"../../../Engine/Content/EngineDebugMaterials/GeomMaterial.uasset" 414
"../../../Engine/Content/EngineDebugMaterials/GeomMaterial.uexp" 415
"../../../Engine/Content/Functions/Engine_MaterialFunctions01/Shading/ConvertFromDiffSpec.uasset" 416
"../../../Engine/Content/Functions/Engine_MaterialFunctions01/Shading/ConvertFromDiffSpec.uexp" 417
"../../../Engine/Content/EngineDebugMaterials/LevelColorationLitMaterial.uasset" 418
"../../../Engine/Content/EngineDebugMaterials/LevelColorationLitMaterial.uexp" 419
"../../../Engine/Content/EngineDebugMaterials/LevelColorationUnlitMaterial.uasset" 420
"../../../Engine/Content/EngineDebugMaterials/LevelColorationUnlitMaterial.uexp" 421
"../../../Engine/Content/EngineMaterials/DefaultWhiteGrid.uasset" 422
"../../../Engine/Content/EngineMaterials/DefaultWhiteGrid.uexp" 423
"../../../Engine/Content/EngineMaterials/DefaultWhiteGrid.ubulk" 424
"../../../Engine/Content/EngineDebugMaterials/MAT_LevelColorationLitLightmapUV.uasset" 425
"../../../Engine/Content/EngineDebugMaterials/MAT_LevelColorationLitLightmapUV.uexp" 426
"../../../Engine/Content/EngineDebugMaterials/M_SimpleUnlitTranslucent.uasset" 427
"../../../Engine/Content/EngineDebugMaterials/M_SimpleUnlitTranslucent.uexp" 428
"../../../Engine/Content/EngineDebugMaterials/VolumeToRender.uasset" 429
"../../../Engine/Content/EngineDebugMaterials/VolumeToRender.uexp" 430
"../../../Engine/Content/Functions/Engine_MaterialFunctions02/Utility/CameraDirectionVector.uasset" 431
"../../../Engine/Content/Functions/Engine_MaterialFunctions02/Utility/CameraDirectionVector.uexp" 432
"../../../Engine/Content/EngineDebugMaterials/M_VolumeRenderSphereTracePP.uasset" 433
"../../../Engine/Content/EngineDebugMaterials/M_VolumeRenderSphereTracePP.uexp" 434
"../../../Engine/Content/EngineMaterials/DefaultWhiteGrid_Low.uasset" 435
"../../../Engine/Content/EngineMaterials/DefaultWhiteGrid_Low.uexp" 436
"../../../Engine/Content/EngineDebugMaterials/PhysicalMaterialMaskMaterial.uasset" 437
"../../../Engine/Content/EngineDebugMaterials/PhysicalMaterialMaskMaterial.uexp" 438
"../../../Engine/Content/EngineDebugMaterials/ShadedLevelColorationLitMaterial.uasset" 439
"../../../Engine/Content/EngineDebugMaterials/ShadedLevelColorationLitMaterial.uexp" 440
"../../../Engine/Content/EngineDebugMaterials/ShadedLevelColorationUnlitMateri.uasset" 441
"../../../Engine/Content/EngineDebugMaterials/ShadedLevelColorationUnlitMateri.uexp" 442
"../../../Engine/Content/EngineDebugMaterials/VertexColorMaterial.uasset" 443
"../../../Engine/Content/EngineDebugMaterials/VertexColorMaterial.uexp" 444
"../../../Engine/Content/EngineDebugMaterials/VertexColorViewMode_AlphaAsColor.uasset" 445
"../../../Engine/Content/EngineDebugMaterials/VertexColorViewMode_AlphaAsColor.uexp" 446
"../../../Engine/Content/EngineDebugMaterials/VertexColorViewMode_BlueOnly.uasset" 447
"../../../Engine/Content/EngineDebugMaterials/VertexColorViewMode_BlueOnly.uexp" 448
"../../../Engine/Content/EngineDebugMaterials/VertexColorViewMode_ColorOnly.uasset" 449
"../../../Engine/Content/EngineDebugMaterials/VertexColorViewMode_ColorOnly.uexp" 450
"../../../Engine/Content/EngineDebugMaterials/VertexColorViewMode_GreenOnly.uasset" 451
"../../../Engine/Content/EngineDebugMaterials/VertexColorViewMode_GreenOnly.uexp" 452
"../../../Engine/Content/EngineDebugMaterials/VertexColorViewMode_RedOnly.uasset" 453
"../../../Engine/Content/EngineDebugMaterials/VertexColorViewMode_RedOnly.uexp" 454
"../../../Engine/Content/EngineDebugMaterials/WireframeMaterial.uasset" 455
"../../../Engine/Content/EngineDebugMaterials/WireframeMaterial.uexp" 456
"../../../Engine/Content/EngineFonts/Faces/RobotoRegular.uasset" 457
"../../../Engine/Content/EngineFonts/Faces/RobotoRegular.uexp" 458
"../../../Engine/Content/EngineFonts/Faces/RobotoRegular.ufont" 459
"../../../Engine/Content/EngineFonts/Faces/RobotoLight.uasset" 460
"../../../Engine/Content/EngineFonts/Faces/RobotoLight.uexp" 461
"../../../Engine/Content/EngineFonts/Faces/RobotoLight.ufont" 462
"../../../Engine/Content/EngineFonts/Faces/RobotoItalic.uasset" 463
"../../../Engine/Content/EngineFonts/Faces/RobotoItalic.uexp" 464
"../../../Engine/Content/EngineFonts/Faces/RobotoItalic.ufont" 465
"../../../Engine/Content/EngineFonts/Faces/RobotoBoldItalic.uasset" 466
"../../../Engine/Content/EngineFonts/Faces/RobotoBoldItalic.uexp" 467
"../../../Engine/Content/EngineFonts/Faces/RobotoBoldItalic.ufont" 468
"../../../Engine/Content/EngineFonts/Faces/RobotoBold.uasset" 469
"../../../Engine/Content/EngineFonts/Faces/RobotoBold.uexp" 470
"../../../Engine/Content/EngineFonts/Faces/RobotoBold.ufont" 471
"../../../Engine/Content/EngineFonts/Faces/DroidSansFallback.uasset" 472
"../../../Engine/Content/EngineFonts/Faces/DroidSansFallback.uexp" 473
"../../../Engine/Content/EngineFonts/Faces/DroidSansFallback.ufont" 474
"../../../Engine/Content/EngineFonts/Roboto.uasset" 475
"../../../Engine/Content/EngineFonts/Roboto.uexp" 476
"../../../Engine/Content/EngineFonts/Faces/RobotoTiny.uasset" 477
"../../../Engine/Content/EngineFonts/Faces/RobotoTiny.uexp" 478
"../../../Engine/Content/EngineFonts/Faces/RobotoTiny.ufont" 479
"../../../Engine/Content/EngineFonts/RobotoTiny.uasset" 480
"../../../Engine/Content/EngineFonts/RobotoTiny.uexp" 481
"../../../Engine/Content/EngineFonts/SmallFont.uasset" 482
"../../../Engine/Content/EngineFonts/SmallFont.uexp" 483
"../../../Engine/Content/EngineFonts/TinyFont.uasset" 484
"../../../Engine/Content/EngineFonts/TinyFont.uexp" 485
"../../../Engine/Content/EngineMaterials/BaseFlattenNormalMap.uasset" 486
"../../../Engine/Content/EngineMaterials/BaseFlattenNormalMap.uexp" 487
"../../../Engine/Content/EngineMaterials/BaseFlattenGrayscaleMap.uasset" 488
"../../../Engine/Content/EngineMaterials/BaseFlattenGrayscaleMap.uexp" 489
"../../../Engine/Content/EngineMaterials/BaseFlattenEmissiveMap.uasset" 490
"../../../Engine/Content/EngineMaterials/BaseFlattenEmissiveMap.uexp" 491
"../../../Engine/Content/EngineMaterials/BaseFlattenDiffuseMap.uasset" 492
"../../../Engine/Content/EngineMaterials/BaseFlattenDiffuseMap.uexp" 493
"../../../Engine/Content/EngineMaterials/BaseFlattenMaterial.uasset" 494
"../../../Engine/Content/EngineMaterials/BaseFlattenMaterial.uexp" 495
"../../../Engine/Content/EngineResources/WhiteSquareTexture.uasset" 496
"../../../Engine/Content/EngineResources/WhiteSquareTexture.uexp" 497
"../../../Engine/Content/EngineMaterials/BlinkingCaret.uasset" 498
"../../../Engine/Content/EngineMaterials/BlinkingCaret.uexp" 499
"../../../Engine/Content/EngineMaterials/BlueNoise.uasset" 500
"../../../Engine/Content/EngineMaterials/BlueNoise.uexp" 501
"../../../Engine/Content/EngineMaterials/DefaultBloomKernel.uasset" 502
"../../../Engine/Content/EngineMaterials/DefaultBloomKernel.uexp" 503
"../../../Engine/Content/EngineMaterials/DefaultBokeh.uasset" 504
"../../../Engine/Content/EngineMaterials/DefaultBokeh.uexp" 505
"../../../Engine/Content/EngineMaterials/DefaultDeferredDecalMaterial.uasset" 506
"../../../Engine/Content/EngineMaterials/DefaultDeferredDecalMaterial.uexp" 507
"../../../Engine/Content/EngineMaterials/DefaultLightFunctionMaterial.uasset" 508
"../../../Engine/Content/EngineMaterials/DefaultLightFunctionMaterial.uexp" 509
"../../../Engine/Content/EngineMaterials/DefaultNormal.uasset" 510
"../../../Engine/Content/EngineMaterials/DefaultNormal.uexp" 511
"../../../Engine/Content/EngineMaterials/DefaultNormal.ubulk" 512
"../../../Engine/Content/EngineMaterials/DefaultPostProcessMaterial.uasset" 513
"../../../Engine/Content/EngineMaterials/DefaultPostProcessMaterial.uexp" 514
"../../../Engine/Content/EngineFonts/RobotoDistanceField.uasset" 515
"../../../Engine/Content/EngineFonts/RobotoDistanceField.uexp" 516
"../../../Engine/Content/EngineMaterials/DefaultTextMaterialOpaque.uasset" 517
"../../../Engine/Content/EngineMaterials/DefaultTextMaterialOpaque.uexp" 518
"../../../Engine/Content/EngineMaterials/EditorBrushMaterial.uasset" 519
"../../../Engine/Content/EngineMaterials/EditorBrushMaterial.uexp" 520
"../../../Engine/Content/EngineMaterials/EmissiveMeshMaterial.uasset" 521
"../../../Engine/Content/EngineMaterials/EmissiveMeshMaterial.uexp" 522
"../../../Engine/Content/EngineMaterials/GizmoMaterial.uasset" 523
"../../../Engine/Content/EngineMaterials/GizmoMaterial.uexp" 524
"../../../Engine/Content/EngineMaterials/Good64x64TilingNoiseHighFreq.uasset" 525
"../../../Engine/Content/EngineMaterials/Good64x64TilingNoiseHighFreq.uexp" 526
"../../../Engine/Content/EngineMaterials/Grid_N.uasset" 527
"../../../Engine/Content/EngineMaterials/Grid_N.uexp" 528
"../../../Engine/Content/EngineMaterials/Grid_N.ubulk" 529
"../../../Engine/Content/EngineMaterials/HighResolutionScreenshotMaskFunction.uasset" 530
"../../../Engine/Content/EngineMaterials/HighResolutionScreenshotMaskFunction.uexp" 531
"../../../Engine/Content/EngineMaterials/HighResScreenshot.uasset" 532
"../../../Engine/Content/EngineMaterials/HighResScreenshot.uexp" 533
"../../../Engine/Content/EngineMaterials/HighResScreenshotCaptureRegion.uasset" 534
"../../../Engine/Content/EngineMaterials/HighResScreenshotCaptureRegion.uexp" 535
"../../../Engine/Content/EngineMaterials/HighResScreenshotMask.uasset" 536
"../../../Engine/Content/EngineMaterials/HighResScreenshotMask.uexp" 537
"../../../Engine/Content/EngineMaterials/LandscapeHolePhysicalMaterial.uasset" 538
"../../../Engine/Content/EngineMaterials/LandscapeHolePhysicalMaterial.uexp" 539
"../../../Engine/Content/EngineMaterials/InvalidLightmapSettings.uasset" 540
"../../../Engine/Content/EngineMaterials/InvalidLightmapSettings.uexp" 541
"../../../Engine/Content/EngineMaterials/InvalidLightmapSettings.ubulk" 542
"../../../Engine/Content/EngineMaterials/M_InvalidLightmapSettings.uasset" 543
"../../../Engine/Content/EngineMaterials/M_InvalidLightmapSettings.uexp" 544
"../../../Engine/Content/EngineMaterials/PaperDiffuse.uasset" 545
"../../../Engine/Content/EngineMaterials/PaperDiffuse.uexp" 546
"../../../Engine/Content/EngineMaterials/PaperNormal.uasset" 547
"../../../Engine/Content/EngineMaterials/PaperNormal.uexp" 548
"../../../Engine/Content/Functions/Engine_MaterialFunctions02/WorldPositionOffset/CameraOffset.uasset" 549
"../../../Engine/Content/Functions/Engine_MaterialFunctions02/WorldPositionOffset/CameraOffset.uexp" 550
"../../../Engine/Content/EngineMaterials/PhAT_JointLimitMaterial.uasset" 551
"../../../Engine/Content/EngineMaterials/PhAT_JointLimitMaterial.uexp" 552
"../../../Engine/Content/EngineMaterials/PhysMat_Rubber.uasset" 553
"../../../Engine/Content/EngineMaterials/PhysMat_Rubber.uexp" 554
"../../../Engine/Content/EngineMaterials/DefaultCalibrationColor.uasset" 555
"../../../Engine/Content/EngineMaterials/DefaultCalibrationColor.uexp" 556
"../../../Engine/Content/EngineMaterials/PPM_DefaultCalibrationColor.uasset" 557
"../../../Engine/Content/EngineMaterials/PPM_DefaultCalibrationColor.uexp" 558
"../../../Engine/Content/EngineMaterials/DefaultCalibrationGrayscale.uasset" 559
"../../../Engine/Content/EngineMaterials/DefaultCalibrationGrayscale.uexp" 560
"../../../Engine/Content/EngineMaterials/PPM_DefaultCalibrationGrayscale.uasset" 561
"../../../Engine/Content/EngineMaterials/PPM_DefaultCalibrationGrayscale.uexp" 562
"../../../Engine/Content/EngineMaterials/PreintegratedSkinBRDF.uasset" 563
"../../../Engine/Content/EngineMaterials/PreintegratedSkinBRDF.uexp" 564
"../../../Engine/Content/EngineMaterials/RemoveSurfaceMaterial.uasset" 565
"../../../Engine/Content/EngineMaterials/RemoveSurfaceMaterial.uexp" 566
"../../../Engine/Content/EngineMaterials/WeightMapPlaceholderTexture.uasset" 567
"../../../Engine/Content/EngineMaterials/WeightMapPlaceholderTexture.uexp" 568
"../../../Engine/Content/Functions/Engine_MaterialFunctions01/ImageAdjustment/sRGBToLinear.uasset" 569
"../../../Engine/Content/Functions/Engine_MaterialFunctions01/ImageAdjustment/sRGBToLinear.uexp" 570
"../../../Engine/Content/Functions/Engine_MaterialFunctions02/Utility/BreakOutFloat3Components.uasset" 571
"../../../Engine/Content/Functions/Engine_MaterialFunctions02/Utility/BreakOutFloat3Components.uexp" 572
"../../../Engine/Content/EngineMaterials/Widget3DCameraPassThrough_Opaque_OneSided.uasset" 573
"../../../Engine/Content/EngineMaterials/Widget3DCameraPassThrough_Opaque_OneSided.uexp" 574
"../../../Engine/Content/EngineMaterials/Widget3DPassThrough.uasset" 575
"../../../Engine/Content/EngineMaterials/Widget3DPassThrough.uexp" 576
"../../../Engine/Content/EngineMaterials/Widget3DPassThrough_Masked.uasset" 577
"../../../Engine/Content/EngineMaterials/Widget3DPassThrough_Masked.uexp" 578
"../../../Engine/Content/EngineMaterials/Widget3DPassThrough_Opaque.uasset" 579
"../../../Engine/Content/EngineMaterials/Widget3DPassThrough_Opaque.uexp" 580
"../../../Engine/Content/EngineMaterials/Widget3DPassThrough_Masked_OneSided.uasset" 581
"../../../Engine/Content/EngineMaterials/Widget3DPassThrough_Masked_OneSided.uexp" 582
"../../../Engine/Content/EngineMaterials/Widget3DPassThrough_Opaque_OneSided.uasset" 583
"../../../Engine/Content/EngineMaterials/Widget3DPassThrough_Opaque_OneSided.uexp" 584
"../../../Engine/Content/EngineMaterials/Widget3DPassThrough_Translucent.uasset" 585
"../../../Engine/Content/EngineMaterials/Widget3DPassThrough_Translucent.uexp" 586
"../../../Engine/Content/EngineMaterials/Widget3DPassThrough_Translucent_OneSided.uasset" 587
"../../../Engine/Content/EngineMaterials/Widget3DPassThrough_Translucent_OneSided.uexp" 588
"../../../Engine/Content/EngineMeshes/Cylinder.uasset" 589
"../../../Engine/Content/EngineMeshes/Cylinder.uexp" 590
"../../../Engine/Content/EngineMeshes/Sphere.uasset" 591
"../../../Engine/Content/EngineMeshes/Sphere.uexp" 592
"../../../Engine/Content/EngineResources/DefaultTexture.uasset" 593
"../../../Engine/Content/EngineResources/DefaultTexture.uexp" 594
"../../../Engine/Content/EngineResources/DefaultTexture.ubulk" 595
"../../../Engine/Content/EngineResources/DefaultTextureCube.uasset" 596
"../../../Engine/Content/EngineResources/DefaultTextureCube.uexp" 597
"../../../Engine/Content/EngineResources/DefaultVolumeTexture2D.uasset" 598
"../../../Engine/Content/EngineResources/DefaultVolumeTexture2D.uexp" 599
"../../../Engine/Content/EngineResources/DefaultVolumeTexture.uasset" 600
"../../../Engine/Content/EngineResources/DefaultVolumeTexture.uexp" 601
"../../../Engine/Content/EngineResources/GradientTexture0.uasset" 602
"../../../Engine/Content/EngineResources/GradientTexture0.uexp" 603
"../../../Engine/Content/EngineResources/StreamingPauseIcon.uasset" 604
"../../../Engine/Content/EngineResources/StreamingPauseIcon.uexp" 605
"../../../Engine/Content/EngineResources/M_StreamingPause.uasset" 606
"../../../Engine/Content/EngineResources/M_StreamingPause.uexp" 607
"../../../Engine/Content/EngineSky/T_Sky_Stars.uasset" 608
"../../../Engine/Content/EngineSky/T_Sky_Stars.uexp" 609
"../../../Engine/Content/EngineSky/T_Sky_Stars.ubulk" 610
"../../../Engine/Content/EngineSky/T_Sky_Clouds_M.uasset" 611
"../../../Engine/Content/EngineSky/T_Sky_Clouds_M.uexp" 612
"../../../Engine/Content/EngineSky/T_Sky_Clouds_M.ubulk" 613
"../../../Engine/Content/EngineSky/T_Sky_Blue.uasset" 614
"../../../Engine/Content/EngineSky/T_Sky_Blue.uexp" 615
"../../../Engine/Content/EngineSky/T_Sky_Blue.ubulk" 616
"../../../Engine/Content/EngineSky/M_Sky_Panning_Clouds2.uasset" 617
"../../../Engine/Content/EngineSky/M_Sky_Panning_Clouds2.uexp" 618
"../../../Engine/Content/EngineSky/SM_SkySphere.uasset" 619
"../../../Engine/Content/EngineSky/SM_SkySphere.uexp" 620
"../../../Engine/Content/EngineSky/C_Sky_Zenith_Color.uasset" 621
"../../../Engine/Content/EngineSky/C_Sky_Zenith_Color.uexp" 622
"../../../Engine/Content/EngineSky/C_Sky_Horizon_Color.uasset" 623
"../../../Engine/Content/EngineSky/C_Sky_Horizon_Color.uexp" 624
"../../../Engine/Content/EngineSky/C_Sky_Cloud_Color.uasset" 625
"../../../Engine/Content/EngineSky/C_Sky_Cloud_Color.uexp" 626
"../../../Engine/Content/EditorBlueprintResources/StandardMacros.uasset" 627
"../../../Engine/Content/EditorBlueprintResources/StandardMacros.uexp" 628
"../../../Engine/Content/EngineSky/BP_Sky_Sphere.uasset" 629
"../../../Engine/Content/EngineSky/BP_Sky_Sphere.uexp" 630
"../../../Engine/Content/EngineSky/VolumetricClouds/T_NoiseShape64.uasset" 631
"../../../Engine/Content/EngineSky/VolumetricClouds/T_NoiseShape64.uexp" 632
"../../../Engine/Content/EngineSky/VolumetricClouds/T_NoiseShape64.ubulk" 633
"../../../Engine/Content/EngineSky/VolumetricClouds/T_VolumeNoiseShape64.uasset" 634
"../../../Engine/Content/EngineSky/VolumetricClouds/T_VolumeNoiseShape64.uexp" 635
"../../../Engine/Content/EngineSky/VolumetricClouds/T_NoiseErosion.uasset" 636
"../../../Engine/Content/EngineSky/VolumetricClouds/T_NoiseErosion.uexp" 637
"../../../Engine/Content/EngineSky/VolumetricClouds/T_NoiseErosion.ubulk" 638
"../../../Engine/Content/EngineSky/VolumetricClouds/T_VolumeNoiseErosion32.uasset" 639
"../../../Engine/Content/EngineSky/VolumetricClouds/T_VolumeNoiseErosion32.uexp" 640
"../../../Engine/Content/EngineSky/VolumetricClouds/CloudWeatherTexture.uasset" 641
"../../../Engine/Content/EngineSky/VolumetricClouds/CloudWeatherTexture.uexp" 642
"../../../Engine/Content/EngineSky/VolumetricClouds/CloudGradientTexture.uasset" 643
"../../../Engine/Content/EngineSky/VolumetricClouds/CloudGradientTexture.uexp" 644
"../../../Engine/Content/EngineSky/VolumetricClouds/m_SimpleVolumetricCloud.uasset" 645
"../../../Engine/Content/EngineSky/VolumetricClouds/m_SimpleVolumetricCloud.uexp" 646
"../../../Engine/Content/EngineSky/VolumetricClouds/m_SimpleVolumetricCloud_Inst.uasset" 647
"../../../Engine/Content/EngineSky/VolumetricClouds/m_SimpleVolumetricCloud_Inst.uexp" 648
"../../../Engine/Content/EngineSounds/Master.uasset" 649
"../../../Engine/Content/EngineSounds/Master.uexp" 650
"../../../Engine/Content/Functions/Engine_MaterialFunctions01/Shading/PowerToRoughness.uasset" 651
"../../../Engine/Content/Functions/Engine_MaterialFunctions01/Shading/PowerToRoughness.uexp" 652
"../../../Engine/Content/Maps/Templates/Thumbnails/Default.uasset" 653
"../../../Engine/Content/Maps/Templates/Thumbnails/Default.uexp" 654
"../../../Engine/Content/Maps/Templates/Thumbnails/TimeOfDay.uasset" 655
"../../../Engine/Content/Maps/Templates/Thumbnails/TimeOfDay.uexp" 656
"../../../Engine/Content/Maps/Templates/Thumbnails/VR-Basic.uasset" 657
"../../../Engine/Content/Maps/Templates/Thumbnails/VR-Basic.uexp" 658
"../../../Engine/Content/MapTemplates/Sky/DaylightAmbientCubemap.uasset" 659
"../../../Engine/Content/MapTemplates/Sky/DaylightAmbientCubemap.uexp" 660
"../../../Engine/Content/MobileResources/T_MobileControls_texture.uasset" 661
"../../../Engine/Content/MobileResources/T_MobileControls_texture.uexp" 662
"../../../Engine/Content/MobileResources/T_MobileMenu2.uasset" 663
"../../../Engine/Content/MobileResources/T_MobileMenu2.uexp" 664
"../../../Engine/Content/MobileResources/HUD/AnalogHat.uasset" 665
"../../../Engine/Content/MobileResources/HUD/AnalogHat.uexp" 666
"../../../Engine/Content/MobileResources/HUD/VirtualJoystick_Thumb.uasset" 667
"../../../Engine/Content/MobileResources/HUD/VirtualJoystick_Thumb.uexp" 668
"../../../Engine/Content/MobileResources/HUD/VirtualJoystick_Background.uasset" 669
"../../../Engine/Content/MobileResources/HUD/VirtualJoystick_Background.uexp" 670
"../../../Engine/Content/MobileResources/HUD/DefaultVirtualJoysticks.uasset" 671
"../../../Engine/Content/MobileResources/HUD/DefaultVirtualJoysticks.uexp" 672
"../../../Engine/Content/MobileResources/HUD/LeftVirtualJoystickOnly.uasset" 673
"../../../Engine/Content/MobileResources/HUD/LeftVirtualJoystickOnly.uexp" 674
"../../../Engine/Content/MobileResources/HUD/MobileHUDButton1_off.uasset" 675
"../../../Engine/Content/MobileResources/HUD/MobileHUDButton1_off.uexp" 676
"../../../Engine/Content/MobileResources/HUD/MobileHUDButton1_on.uasset" 677
"../../../Engine/Content/MobileResources/HUD/MobileHUDButton1_on.uexp" 678
"../../../Engine/Content/MobileResources/HUD/MobileHUDButton2_off.uasset" 679
"../../../Engine/Content/MobileResources/HUD/MobileHUDButton2_off.uexp" 680
"../../../Engine/Content/MobileResources/HUD/MobileHUDButton2_on.uasset" 681
"../../../Engine/Content/MobileResources/HUD/MobileHUDButton2_on.uexp" 682
"../../../Engine/Content/MobileResources/HUD/MobileHUDButton3.uasset" 683
"../../../Engine/Content/MobileResources/HUD/MobileHUDButton3.uexp" 684
"../../../Engine/Content/MobileResources/HUD/MobileHUDButtonFire.uasset" 685
"../../../Engine/Content/MobileResources/HUD/MobileHUDButtonFire.uexp" 686
"../../../Engine/Content/MobileResources/HUD/MobileHUDDirectionPad.uasset" 687
"../../../Engine/Content/MobileResources/HUD/MobileHUDDirectionPad.uexp" 688
"../../../Engine/Content/MobileResources/HUD/MobileHUDDirectionPad2.uasset" 689
"../../../Engine/Content/MobileResources/HUD/MobileHUDDirectionPad2.uexp" 690
"../../../Engine/Content/MobileResources/HUD/MobileHUDDirectionPad3.uasset" 691
"../../../Engine/Content/MobileResources/HUD/MobileHUDDirectionPad3.uexp" 692
"../../../Engine/Content/MobileResources/HUD/MobileHUDDirectionStick.uasset" 693
"../../../Engine/Content/MobileResources/HUD/MobileHUDDirectionStick.uexp" 694
"../../../Engine/Content/MobileResources/HUD/T_Castle_ThumbstickInner.uasset" 695
"../../../Engine/Content/MobileResources/HUD/T_Castle_ThumbstickInner.uexp" 696
"../../../Engine/Content/MobileResources/HUD/T_Castle_ThumbstickOutter.uasset" 697
"../../../Engine/Content/MobileResources/HUD/T_Castle_ThumbstickOutter.uexp" 698
"../../../Engine/Content/Tutorial/ContentIntroCurve.uasset" 699
"../../../Engine/Content/Tutorial/ContentIntroCurve.uexp" 700
"../../../Engine/Content/Tutorial/Basics/TutorialAssets/icon_tab_Levels_40x.uasset" 701
"../../../Engine/Content/Tutorial/Basics/TutorialAssets/icon_tab_Levels_40x.uexp" 702
"../../../Engine/Content/Tutorial/BlueprintTutorials/TutorialAssets/Blueprint_64x.uasset" 703
"../../../Engine/Content/Tutorial/BlueprintTutorials/TutorialAssets/Blueprint_64x.uexp" 704
"../../../Engine/Content/VREditor/TransformGizmo/TranslucentTransformGizmoMaterial.uasset" 705
"../../../Engine/Content/VREditor/TransformGizmo/TranslucentTransformGizmoMaterial.uexp" 706
"../../../Engine/Content/VREditor/LaserPointer/VR_LaserPower_01.uasset" 707
"../../../Engine/Content/VREditor/LaserPointer/VR_LaserPower_01.uexp" 708
"../../../Engine/Content/VREditor/LaserPointer/VR_LaserPower_01.ubulk" 709
"../../../Engine/Content/VREditor/TransformGizmo/TransformGizmoMaterial.uasset" 710
"../../../Engine/Content/VREditor/TransformGizmo/TransformGizmoMaterial.uexp" 711
"../../../Engine/Content/VREditor/TransformGizmo/BoundingBoxCorner.uasset" 712
"../../../Engine/Content/VREditor/TransformGizmo/BoundingBoxCorner.uexp" 713
"../../../Engine/Content/VREditor/TransformGizmo/BoundingBoxEdge.uasset" 714
"../../../Engine/Content/VREditor/TransformGizmo/BoundingBoxEdge.uexp" 715
"../../../Engine/Content/VREditor/TransformGizmo/PlaneTranslationHandle.uasset" 716
"../../../Engine/Content/VREditor/TransformGizmo/PlaneTranslationHandle.uexp" 717
"../../../Engine/Content/VREditor/TransformGizmo/Xray.uasset" 718
"../../../Engine/Content/VREditor/TransformGizmo/Xray.uexp" 719
"../../../Engine/Content/VREditor/TransformGizmo/Main.uasset" 720
"../../../Engine/Content/VREditor/TransformGizmo/Main.uexp" 721
"../../../Engine/Content/VREditor/TransformGizmo/SM_Sequencer_Key.uasset" 722
"../../../Engine/Content/VREditor/TransformGizmo/SM_Sequencer_Key.uexp" 723
"../../../Engine/Content/VREditor/TransformGizmo/SM_Sequencer_Node.uasset" 724
"../../../Engine/Content/VREditor/TransformGizmo/SM_Sequencer_Node.uexp" 725
"C:/Users/Misha/UnrealProject/UE4-Multiplayer-Dynamic-Assets/MultiplayerProject/Content/StarterContent/Textures/T_Concrete_Poured_N.uasset" 726
"C:/Users/Misha/UnrealProject/UE4-Multiplayer-Dynamic-Assets/MultiplayerProject/Content/StarterContent/Textures/T_Concrete_Poured_N.uexp" 727
"C:/Users/Misha/UnrealProject/UE4-Multiplayer-Dynamic-Assets/MultiplayerProject/Content/StarterContent/Textures/T_Concrete_Poured_N.ubulk" 728
"C:/Users/Misha/UnrealProject/UE4-Multiplayer-Dynamic-Assets/MultiplayerProject/Content/StarterContent/Textures/T_Concrete_Poured_D.uasset" 729
"C:/Users/Misha/UnrealProject/UE4-Multiplayer-Dynamic-Assets/MultiplayerProject/Content/StarterContent/Textures/T_Concrete_Poured_D.uexp" 730
"C:/Users/Misha/UnrealProject/UE4-Multiplayer-Dynamic-Assets/MultiplayerProject/Content/StarterContent/Textures/T_Concrete_Poured_D.ubulk" 731
"C:/Users/Misha/UnrealProject/UE4-Multiplayer-Dynamic-Assets/MultiplayerProject/Content/StarterContent/Textures/T_Perlin_Noise_M.uasset" 732
"C:/Users/Misha/UnrealProject/UE4-Multiplayer-Dynamic-Assets/MultiplayerProject/Content/StarterContent/Textures/T_Perlin_Noise_M.uexp" 733
"C:/Users/Misha/UnrealProject/UE4-Multiplayer-Dynamic-Assets/MultiplayerProject/Content/StarterContent/Textures/T_Perlin_Noise_M.ubulk" 734
"C:/Users/Misha/UnrealProject/UE4-Multiplayer-Dynamic-Assets/MultiplayerProject/Content/StarterContent/Textures/T_MacroVariation.uasset" 735
"C:/Users/Misha/UnrealProject/UE4-Multiplayer-Dynamic-Assets/MultiplayerProject/Content/StarterContent/Textures/T_MacroVariation.uexp" 736
"C:/Users/Misha/UnrealProject/UE4-Multiplayer-Dynamic-Assets/MultiplayerProject/Content/StarterContent/Materials/M_Concrete_Poured.uasset" 737
"C:/Users/Misha/UnrealProject/UE4-Multiplayer-Dynamic-Assets/MultiplayerProject/Content/StarterContent/Materials/M_Concrete_Poured.uexp" 738
"C:/Users/Misha/UnrealProject/UE4-Multiplayer-Dynamic-Assets/MultiplayerProject/Content/MyContent/Box_Brush_StaticMesh.uasset" 739
"C:/Users/Misha/UnrealProject/UE4-Multiplayer-Dynamic-Assets/MultiplayerProject/Content/MyContent/Box_Brush_StaticMesh.uexp" 740
"C:/Users/Misha/UnrealProject/UE4-Multiplayer-Dynamic-Assets/MultiplayerProject/Content/StarterContent/Textures/T_Detail_Rocky_N.uasset" 741
"C:/Users/Misha/UnrealProject/UE4-Multiplayer-Dynamic-Assets/MultiplayerProject/Content/StarterContent/Textures/T_Detail_Rocky_N.uexp" 742
"C:/Users/Misha/UnrealProject/UE4-Multiplayer-Dynamic-Assets/MultiplayerProject/Content/StarterContent/Textures/T_Detail_Rocky_N.ubulk" 743
"C:/Users/Misha/UnrealProject/UE4-Multiplayer-Dynamic-Assets/MultiplayerProject/Content/StarterContent/Textures/T_Brick_Clay_New_N.uasset" 744
"C:/Users/Misha/UnrealProject/UE4-Multiplayer-Dynamic-Assets/MultiplayerProject/Content/StarterContent/Textures/T_Brick_Clay_New_N.uexp" 745
"C:/Users/Misha/UnrealProject/UE4-Multiplayer-Dynamic-Assets/MultiplayerProject/Content/StarterContent/Textures/T_Brick_Clay_New_M.uasset" 746
"C:/Users/Misha/UnrealProject/UE4-Multiplayer-Dynamic-Assets/MultiplayerProject/Content/StarterContent/Textures/T_Brick_Clay_New_M.uexp" 747
"C:/Users/Misha/UnrealProject/UE4-Multiplayer-Dynamic-Assets/MultiplayerProject/Content/StarterContent/Textures/T_Brick_Clay_New_D.uasset" 748
"C:/Users/Misha/UnrealProject/UE4-Multiplayer-Dynamic-Assets/MultiplayerProject/Content/StarterContent/Textures/T_Brick_Clay_New_D.uexp" 749
"C:/Users/Misha/UnrealProject/UE4-Multiplayer-Dynamic-Assets/MultiplayerProject/Content/StarterContent/Textures/T_Brick_Clay_New_D.ubulk" 750
"C:/Users/Misha/UnrealProject/UE4-Multiplayer-Dynamic-Assets/MultiplayerProject/Content/StarterContent/Materials/M_Brick_Clay_New.uasset" 751
"C:/Users/Misha/UnrealProject/UE4-Multiplayer-Dynamic-Assets/MultiplayerProject/Content/StarterContent/Materials/M_Brick_Clay_New.uexp" 752
"C:/Users/Misha/UnrealProject/UE4-Multiplayer-Dynamic-Assets/MultiplayerProject/Content/MyContent/Wall_StaticMesh.uasset" 753
"C:/Users/Misha/UnrealProject/UE4-Multiplayer-Dynamic-Assets/MultiplayerProject/Content/MyContent/Wall_StaticMesh.uexp" 754
"C:/Users/Misha/UnrealProject/UE4-Multiplayer-Dynamic-Assets/MultiplayerProject/Content/MyContent/BP/BP_MultiplayerPlayerController.uasset" 755
"C:/Users/Misha/UnrealProject/UE4-Multiplayer-Dynamic-Assets/MultiplayerProject/Content/MyContent/BP/BP_MultiplayerPlayerController.uexp" 756
"../../../Engine/Content/EngineFonts/Faces/DroidSansMono.uasset" 757
"../../../Engine/Content/EngineFonts/Faces/DroidSansMono.uexp" 758
"../../../Engine/Content/EngineFonts/Faces/DroidSansMono.ufont" 759
"../../../Engine/Content/EngineFonts/DroidSansMono.uasset" 760
"../../../Engine/Content/EngineFonts/DroidSansMono.uexp" 761
"C:/Users/Misha/UnrealProject/UE4-Multiplayer-Dynamic-Assets/MultiplayerProject/Content/MyContent/Wdgets/WBP_Pause.uasset" 762
"C:/Users/Misha/UnrealProject/UE4-Multiplayer-Dynamic-Assets/MultiplayerProject/Content/MyContent/Wdgets/WBP_Pause.uexp" 763
"C:/Users/Misha/UnrealProject/UE4-Multiplayer-Dynamic-Assets/MultiplayerProject/Content/MyContent/Wdgets/WBP_HealthWidget.uasset" 764
"C:/Users/Misha/UnrealProject/UE4-Multiplayer-Dynamic-Assets/MultiplayerProject/Content/MyContent/Wdgets/WBP_HealthWidget.uexp" 765
"C:/Users/Misha/UnrealProject/UE4-Multiplayer-Dynamic-Assets/MultiplayerProject/Content/StarterContent/Textures/T_Tech_Hex_Tile_N.uasset" 766
"C:/Users/Misha/UnrealProject/UE4-Multiplayer-Dynamic-Assets/MultiplayerProject/Content/StarterContent/Textures/T_Tech_Hex_Tile_N.uexp" 767
"C:/Users/Misha/UnrealProject/UE4-Multiplayer-Dynamic-Assets/MultiplayerProject/Content/StarterContent/Textures/T_Tech_Hex_Tile_N.ubulk" 768
"C:/Users/Misha/UnrealProject/UE4-Multiplayer-Dynamic-Assets/MultiplayerProject/Content/StarterContent/Textures/T_Tech_Hex_Tile_M.uasset" 769
"C:/Users/Misha/UnrealProject/UE4-Multiplayer-Dynamic-Assets/MultiplayerProject/Content/StarterContent/Textures/T_Tech_Hex_Tile_M.uexp" 770
"C:/Users/Misha/UnrealProject/UE4-Multiplayer-Dynamic-Assets/MultiplayerProject/Content/StarterContent/Textures/T_Tech_Hex_Tile_M.ubulk" 771
"C:/Users/Misha/UnrealProject/UE4-Multiplayer-Dynamic-Assets/MultiplayerProject/Content/StarterContent/Materials/M_Tech_Hex_Tile_Pulse.uasset" 772
"C:/Users/Misha/UnrealProject/UE4-Multiplayer-Dynamic-Assets/MultiplayerProject/Content/StarterContent/Materials/M_Tech_Hex_Tile_Pulse.uexp" 773
"../../../Engine/Content/Functions/Engine_MaterialFunctions02/Utility/BlendAngleCorrectedNormals.uasset" 774
"../../../Engine/Content/Functions/Engine_MaterialFunctions02/Utility/BlendAngleCorrectedNormals.uexp" 775
"C:/Users/Misha/UnrealProject/UE4-Multiplayer-Dynamic-Assets/MultiplayerProject/Content/StarterContent/Materials/M_Tech_Hex_Tile.uasset" 776
"C:/Users/Misha/UnrealProject/UE4-Multiplayer-Dynamic-Assets/MultiplayerProject/Content/StarterContent/Materials/M_Tech_Hex_Tile.uexp" 777
"C:/Users/Misha/UnrealProject/UE4-Multiplayer-Dynamic-Assets/MultiplayerProject/Content/MyContent/BP/HealthComponent.uasset" 778
"C:/Users/Misha/UnrealProject/UE4-Multiplayer-Dynamic-Assets/MultiplayerProject/Content/MyContent/BP/HealthComponent.uexp" 779
"C:/Users/Misha/UnrealProject/UE4-Multiplayer-Dynamic-Assets/MultiplayerProject/Content/StarterContent/Textures/T_Smoke_Tiled_D.uasset" 780
"C:/Users/Misha/UnrealProject/UE4-Multiplayer-Dynamic-Assets/MultiplayerProject/Content/StarterContent/Textures/T_Smoke_Tiled_D.uexp" 781
"C:/Users/Misha/UnrealProject/UE4-Multiplayer-Dynamic-Assets/MultiplayerProject/Content/StarterContent/Textures/T_Smoke_Tiled_D.ubulk" 782
"C:/Users/Misha/UnrealProject/UE4-Multiplayer-Dynamic-Assets/MultiplayerProject/Content/StarterContent/Textures/T_Smoke_SubUV.uasset" 783
"C:/Users/Misha/UnrealProject/UE4-Multiplayer-Dynamic-Assets/MultiplayerProject/Content/StarterContent/Textures/T_Smoke_SubUV.uexp" 784
"C:/Users/Misha/UnrealProject/UE4-Multiplayer-Dynamic-Assets/MultiplayerProject/Content/StarterContent/Textures/T_Smoke_SubUV.ubulk" 785
"C:/Users/Misha/UnrealProject/UE4-Multiplayer-Dynamic-Assets/MultiplayerProject/Content/StarterContent/Particles/Materials/M_smoke_subUV.uasset" 786
"C:/Users/Misha/UnrealProject/UE4-Multiplayer-Dynamic-Assets/MultiplayerProject/Content/StarterContent/Particles/Materials/M_smoke_subUV.uexp" 787
"../../../Engine/Content/Functions/Engine_MaterialFunctions01/Gradient/RadialGradient.uasset" 788
"../../../Engine/Content/Functions/Engine_MaterialFunctions01/Gradient/RadialGradient.uexp" 789
"C:/Users/Misha/UnrealProject/UE4-Multiplayer-Dynamic-Assets/MultiplayerProject/Content/StarterContent/Particles/Materials/M_radial_ramp.uasset" 790
"C:/Users/Misha/UnrealProject/UE4-Multiplayer-Dynamic-Assets/MultiplayerProject/Content/StarterContent/Particles/Materials/M_radial_ramp.uexp" 791
"C:/Users/Misha/UnrealProject/UE4-Multiplayer-Dynamic-Assets/MultiplayerProject/Content/StarterContent/Particles/Materials/m_flare_01.uasset" 792
"C:/Users/Misha/UnrealProject/UE4-Multiplayer-Dynamic-Assets/MultiplayerProject/Content/StarterContent/Particles/Materials/m_flare_01.uexp" 793
"C:/Users/Misha/UnrealProject/UE4-Multiplayer-Dynamic-Assets/MultiplayerProject/Content/StarterContent/Textures/T_Explosion_SubUV.uasset" 794
"C:/Users/Misha/UnrealProject/UE4-Multiplayer-Dynamic-Assets/MultiplayerProject/Content/StarterContent/Textures/T_Explosion_SubUV.uexp" 795
"C:/Users/Misha/UnrealProject/UE4-Multiplayer-Dynamic-Assets/MultiplayerProject/Content/StarterContent/Textures/T_Explosion_SubUV.ubulk" 796
"C:/Users/Misha/UnrealProject/UE4-Multiplayer-Dynamic-Assets/MultiplayerProject/Content/StarterContent/Particles/Materials/M_explosion_subUV.uasset" 797
"C:/Users/Misha/UnrealProject/UE4-Multiplayer-Dynamic-Assets/MultiplayerProject/Content/StarterContent/Particles/Materials/M_explosion_subUV.uexp" 798
"C:/Users/Misha/UnrealProject/UE4-Multiplayer-Dynamic-Assets/MultiplayerProject/Content/StarterContent/Textures/T_Burst_M.uasset" 799
"C:/Users/Misha/UnrealProject/UE4-Multiplayer-Dynamic-Assets/MultiplayerProject/Content/StarterContent/Textures/T_Burst_M.uexp" 800
"C:/Users/Misha/UnrealProject/UE4-Multiplayer-Dynamic-Assets/MultiplayerProject/Content/StarterContent/Textures/T_Burst_M.ubulk" 801
"C:/Users/Misha/UnrealProject/UE4-Multiplayer-Dynamic-Assets/MultiplayerProject/Content/StarterContent/Particles/Materials/M_Burst.uasset" 802
"C:/Users/Misha/UnrealProject/UE4-Multiplayer-Dynamic-Assets/MultiplayerProject/Content/StarterContent/Particles/Materials/M_Burst.uexp" 803
"C:/Users/Misha/UnrealProject/UE4-Multiplayer-Dynamic-Assets/MultiplayerProject/Content/StarterContent/Particles/P_Explosion.uasset" 804
"C:/Users/Misha/UnrealProject/UE4-Multiplayer-Dynamic-Assets/MultiplayerProject/Content/StarterContent/Particles/P_Explosion.uexp" 805
"C:/Users/Misha/UnrealProject/UE4-Multiplayer-Dynamic-Assets/MultiplayerProject/Content/StarterContent/Textures/T_Lamp_N.uasset" 806
"C:/Users/Misha/UnrealProject/UE4-Multiplayer-Dynamic-Assets/MultiplayerProject/Content/StarterContent/Textures/T_Lamp_N.uexp" 807
"C:/Users/Misha/UnrealProject/UE4-Multiplayer-Dynamic-Assets/MultiplayerProject/Content/StarterContent/Textures/T_Lamp_N.ubulk" 808
"C:/Users/Misha/UnrealProject/UE4-Multiplayer-Dynamic-Assets/MultiplayerProject/Content/StarterContent/Textures/T_Lamp_M.uasset" 809
"C:/Users/Misha/UnrealProject/UE4-Multiplayer-Dynamic-Assets/MultiplayerProject/Content/StarterContent/Textures/T_Lamp_M.uexp" 810
"C:/Users/Misha/UnrealProject/UE4-Multiplayer-Dynamic-Assets/MultiplayerProject/Content/StarterContent/Textures/T_Lamp_M.ubulk" 811
"C:/Users/Misha/UnrealProject/UE4-Multiplayer-Dynamic-Assets/MultiplayerProject/Content/StarterContent/Props/Materials/M_Lamp.uasset" 812
"C:/Users/Misha/UnrealProject/UE4-Multiplayer-Dynamic-Assets/MultiplayerProject/Content/StarterContent/Props/Materials/M_Lamp.uexp" 813
"../../../Engine/Content/BasicShapes/Sphere.uasset" 814
"../../../Engine/Content/BasicShapes/Sphere.uexp" 815
"C:/Users/Misha/UnrealProject/UE4-Multiplayer-Dynamic-Assets/MultiplayerProject/Content/MyContent/BP/BP_Projectile.uasset" 816
"C:/Users/Misha/UnrealProject/UE4-Multiplayer-Dynamic-Assets/MultiplayerProject/Content/MyContent/BP/BP_Projectile.uexp" 817
"C:/Users/Misha/UnrealProject/UE4-Multiplayer-Dynamic-Assets/MultiplayerProject/Content/FirstPerson/Character/Mesh/SK_Mannequin_Arms_PhysicsAsset.uasset" 818
"C:/Users/Misha/UnrealProject/UE4-Multiplayer-Dynamic-Assets/MultiplayerProject/Content/FirstPerson/Character/Mesh/SK_Mannequin_Arms_PhysicsAsset.uexp" 819
"C:/Users/Misha/UnrealProject/UE4-Multiplayer-Dynamic-Assets/MultiplayerProject/Content/FirstPerson/Character/Textures/UE4_Mannequin_MAT_MASKA.uasset" 820
"C:/Users/Misha/UnrealProject/UE4-Multiplayer-Dynamic-Assets/MultiplayerProject/Content/FirstPerson/Character/Textures/UE4_Mannequin_MAT_MASKA.uexp" 821
"C:/Users/Misha/UnrealProject/UE4-Multiplayer-Dynamic-Assets/MultiplayerProject/Content/FirstPerson/Character/Textures/UE4_Mannequin_MAT_MASKA.ubulk" 822
"C:/Users/Misha/UnrealProject/UE4-Multiplayer-Dynamic-Assets/MultiplayerProject/Content/FirstPerson/Character/Textures/UE4_Mannequin__normals.uasset" 823
"C:/Users/Misha/UnrealProject/UE4-Multiplayer-Dynamic-Assets/MultiplayerProject/Content/FirstPerson/Character/Textures/UE4_Mannequin__normals.uexp" 824
"C:/Users/Misha/UnrealProject/UE4-Multiplayer-Dynamic-Assets/MultiplayerProject/Content/FirstPerson/Character/Textures/UE4_Mannequin__normals.ubulk" 825
"C:/Users/Misha/UnrealProject/UE4-Multiplayer-Dynamic-Assets/MultiplayerProject/Content/FirstPerson/Character/Materials/MaterialLayers/T_ML_Aluminum01_N.uasset" 826
"C:/Users/Misha/UnrealProject/UE4-Multiplayer-Dynamic-Assets/MultiplayerProject/Content/FirstPerson/Character/Materials/MaterialLayers/T_ML_Aluminum01_N.uexp" 827
"C:/Users/Misha/UnrealProject/UE4-Multiplayer-Dynamic-Assets/MultiplayerProject/Content/FirstPerson/Character/Materials/MaterialLayers/T_ML_Aluminum01_N.ubulk" 828
"C:/Users/Misha/UnrealProject/UE4-Multiplayer-Dynamic-Assets/MultiplayerProject/Content/FirstPerson/Character/Materials/MaterialLayers/T_ML_Aluminum01.uasset" 829
"C:/Users/Misha/UnrealProject/UE4-Multiplayer-Dynamic-Assets/MultiplayerProject/Content/FirstPerson/Character/Materials/MaterialLayers/T_ML_Aluminum01.uexp" 830
"C:/Users/Misha/UnrealProject/UE4-Multiplayer-Dynamic-Assets/MultiplayerProject/Content/FirstPerson/Character/Materials/MaterialLayers/T_ML_Aluminum01.ubulk" 831
"C:/Users/Misha/UnrealProject/UE4-Multiplayer-Dynamic-Assets/MultiplayerProject/Content/FirstPerson/Character/Materials/MaterialLayers/ML_SoftMetal_UE4.uasset" 832
"C:/Users/Misha/UnrealProject/UE4-Multiplayer-Dynamic-Assets/MultiplayerProject/Content/FirstPerson/Character/Materials/MaterialLayers/ML_SoftMetal_UE4.uexp" 833
"C:/Users/Misha/UnrealProject/UE4-Multiplayer-Dynamic-Assets/MultiplayerProject/Content/FirstPerson/Character/Textures/UE4_LOGO_CARD.uasset" 834
"C:/Users/Misha/UnrealProject/UE4-Multiplayer-Dynamic-Assets/MultiplayerProject/Content/FirstPerson/Character/Textures/UE4_LOGO_CARD.uexp" 835
"C:/Users/Misha/UnrealProject/UE4-Multiplayer-Dynamic-Assets/MultiplayerProject/Content/FirstPerson/Character/Textures/UE4_LOGO_CARD.ubulk" 836
"C:/Users/Misha/UnrealProject/UE4-Multiplayer-Dynamic-Assets/MultiplayerProject/Content/FirstPerson/Character/Materials/MaterialLayers/ML_Plastic_Shiny_Beige_LOGO.uasset" 837
"C:/Users/Misha/UnrealProject/UE4-Multiplayer-Dynamic-Assets/MultiplayerProject/Content/FirstPerson/Character/Materials/MaterialLayers/ML_Plastic_Shiny_Beige_LOGO.uexp" 838
"C:/Users/Misha/UnrealProject/UE4-Multiplayer-Dynamic-Assets/MultiplayerProject/Content/FirstPerson/Character/Materials/MaterialLayers/ML_Plastic_Shiny_Beige.uasset" 839
"C:/Users/Misha/UnrealProject/UE4-Multiplayer-Dynamic-Assets/MultiplayerProject/Content/FirstPerson/Character/Materials/MaterialLayers/ML_Plastic_Shiny_Beige.uexp" 840
"C:/Users/Misha/UnrealProject/UE4-Multiplayer-Dynamic-Assets/MultiplayerProject/Content/FirstPerson/Character/Materials/MaterialLayers/T_ML_Rubber_Blue_01_N.uasset" 841
"C:/Users/Misha/UnrealProject/UE4-Multiplayer-Dynamic-Assets/MultiplayerProject/Content/FirstPerson/Character/Materials/MaterialLayers/T_ML_Rubber_Blue_01_N.uexp" 842
"C:/Users/Misha/UnrealProject/UE4-Multiplayer-Dynamic-Assets/MultiplayerProject/Content/FirstPerson/Character/Materials/MaterialLayers/T_ML_Rubber_Blue_01_N.ubulk" 843
"C:/Users/Misha/UnrealProject/UE4-Multiplayer-Dynamic-Assets/MultiplayerProject/Content/FirstPerson/Character/Materials/MaterialLayers/T_ML_Rubber_Blue_01_D.uasset" 844
"C:/Users/Misha/UnrealProject/UE4-Multiplayer-Dynamic-Assets/MultiplayerProject/Content/FirstPerson/Character/Materials/MaterialLayers/T_ML_Rubber_Blue_01_D.uexp" 845
"C:/Users/Misha/UnrealProject/UE4-Multiplayer-Dynamic-Assets/MultiplayerProject/Content/FirstPerson/Character/Materials/MaterialLayers/T_ML_Rubber_Blue_01_D.ubulk" 846
"C:/Users/Misha/UnrealProject/UE4-Multiplayer-Dynamic-Assets/MultiplayerProject/Content/FirstPerson/Character/Materials/MaterialLayers/ML_GlossyBlack_Latex_UE4.uasset" 847
"C:/Users/Misha/UnrealProject/UE4-Multiplayer-Dynamic-Assets/MultiplayerProject/Content/FirstPerson/Character/Materials/MaterialLayers/ML_GlossyBlack_Latex_UE4.uexp" 848
"../../../Engine/Content/Functions/MaterialLayerFunctions/MatLayerBlend_NormalBlend.uasset" 849
"../../../Engine/Content/Functions/MaterialLayerFunctions/MatLayerBlend_NormalBlend.uexp" 850
"../../../Engine/Content/Functions/MaterialLayerFunctions/MatLayerBlend_Simple.uasset" 851
"../../../Engine/Content/Functions/MaterialLayerFunctions/MatLayerBlend_Simple.uexp" 852
"C:/Users/Misha/UnrealProject/UE4-Multiplayer-Dynamic-Assets/MultiplayerProject/Content/FirstPerson/Character/Materials/M_UE4Man_Body.uasset" 853
"C:/Users/Misha/UnrealProject/UE4-Multiplayer-Dynamic-Assets/MultiplayerProject/Content/FirstPerson/Character/Materials/M_UE4Man_Body.uexp" 854
"C:/Users/Misha/UnrealProject/UE4-Multiplayer-Dynamic-Assets/MultiplayerProject/Content/FirstPerson/Character/Mesh/SK_Mannequin_Arms_Skeleton.uasset" 855
"C:/Users/Misha/UnrealProject/UE4-Multiplayer-Dynamic-Assets/MultiplayerProject/Content/FirstPerson/Character/Mesh/SK_Mannequin_Arms_Skeleton.uexp" 856
"C:/Users/Misha/UnrealProject/UE4-Multiplayer-Dynamic-Assets/MultiplayerProject/Content/FirstPerson/Character/Mesh/SK_Mannequin_Arms.uasset" 857
"C:/Users/Misha/UnrealProject/UE4-Multiplayer-Dynamic-Assets/MultiplayerProject/Content/FirstPerson/Character/Mesh/SK_Mannequin_Arms.uexp" 858
"../../../Engine/Content/BasicShapes/BasicShapeMaterial.uasset" 859
"../../../Engine/Content/BasicShapes/BasicShapeMaterial.uexp" 860
"C:/Users/Misha/UnrealProject/UE4-Multiplayer-Dynamic-Assets/MultiplayerProject/Content/MyContent/BP/BP_MultiplayerPawn.uasset" 861
"C:/Users/Misha/UnrealProject/UE4-Multiplayer-Dynamic-Assets/MultiplayerProject/Content/MyContent/BP/BP_MultiplayerPawn.uexp" 862
"C:/Users/Misha/UnrealProject/UE4-Multiplayer-Dynamic-Assets/MultiplayerProject/Content/MyContent/BP/BP_MultiplayerGameMode.uasset" 863
"C:/Users/Misha/UnrealProject/UE4-Multiplayer-Dynamic-Assets/MultiplayerProject/Content/MyContent/BP/BP_MultiplayerGameMode.uexp" 864
"C:/Users/Misha/UnrealProject/UE4-Multiplayer-Dynamic-Assets/MultiplayerProject/Content/MyContent/Wdgets/WBP_SessionList.uasset" 865
"C:/Users/Misha/UnrealProject/UE4-Multiplayer-Dynamic-Assets/MultiplayerProject/Content/MyContent/Wdgets/WBP_SessionList.uexp" 866
"../../../Engine/Plugins/2D/Paper2D/Content/PlaceholderTextures/DummySpriteTexture.uasset" 867
"../../../Engine/Plugins/2D/Paper2D/Content/PlaceholderTextures/DummySpriteTexture.uexp" 868
"../../../Engine/Plugins/2D/Paper2D/Content/PlaceholderTextures/DummySpriteTexture.ubulk" 869
"../../../Engine/Plugins/2D/Paper2D/Content/DummySprite.uasset" 870
"../../../Engine/Plugins/2D/Paper2D/Content/DummySprite.uexp" 871
"../../../Engine/Plugins/2D/Paper2D/Content/DefaultPaperTerrainMaterial.uasset" 872
"../../../Engine/Plugins/2D/Paper2D/Content/DefaultPaperTerrainMaterial.uexp" 873
"../../../Engine/Plugins/2D/Paper2D/Content/DefaultSpriteMaterial.uasset" 874
"../../../Engine/Plugins/2D/Paper2D/Content/DefaultSpriteMaterial.uexp" 875
"../../../Engine/Plugins/2D/Paper2D/Content/MaskedUnlitSpriteMaterial.uasset" 876
"../../../Engine/Plugins/2D/Paper2D/Content/MaskedUnlitSpriteMaterial.uexp" 877
"../../../Engine/Plugins/2D/Paper2D/Content/OpaqueUnlitSpriteMaterial.uasset" 878
"../../../Engine/Plugins/2D/Paper2D/Content/OpaqueUnlitSpriteMaterial.uexp" 879
"../../../Engine/Plugins/FX/Niagara/Content/Enums/ENiagaraRandomnessMode.uasset" 880
"../../../Engine/Plugins/FX/Niagara/Content/Enums/ENiagaraRandomnessMode.uexp" 881
"../../../Engine/Plugins/FX/Niagara/Content/Icons/S_ParticleSystem.uasset" 882
"../../../Engine/Plugins/FX/Niagara/Content/Icons/S_ParticleSystem.uexp" 883
"../../../Engine/Plugins/FX/Niagara/Content/Icons/S_ParticleSystem.ubulk" 884
"../../../Engine/Plugins/Editor/SpeedTreeImporter/Content/SpeedTree9/UnpackInteger3.uasset" 885
"../../../Engine/Plugins/Editor/SpeedTreeImporter/Content/SpeedTree9/UnpackInteger3.uexp" 886
"../../../Engine/Plugins/Editor/SpeedTreeImporter/Content/SpeedTree9/UnpackDirection.uasset" 887
"../../../Engine/Plugins/Editor/SpeedTreeImporter/Content/SpeedTree9/UnpackDirection.uexp" 888
"../../../Engine/Plugins/Editor/SpeedTreeImporter/Content/SpeedTree9/game_wind_noise.uasset" 889
"../../../Engine/Plugins/Editor/SpeedTreeImporter/Content/SpeedTree9/game_wind_noise.uexp" 890
"../../../Engine/Plugins/Editor/SpeedTreeImporter/Content/SpeedTree9/game_wind_noise.ubulk" 891
"../../../Engine/Content/Functions/Engine_MaterialFunctions02/SafeNormalize.uasset" 892
"../../../Engine/Content/Functions/Engine_MaterialFunctions02/SafeNormalize.uexp" 893
"../../../Engine/Plugins/Editor/SpeedTreeImporter/Content/SpeedTree9/SpeedTreeWindMotion.uasset" 894
"../../../Engine/Plugins/Editor/SpeedTreeImporter/Content/SpeedTree9/SpeedTreeWindMotion.uexp" 895
"../../../Engine/Plugins/Editor/SpeedTreeImporter/Content/SpeedTree9/SpeedTreeBranchMotion.uasset" 896
"../../../Engine/Plugins/Editor/SpeedTreeImporter/Content/SpeedTree9/SpeedTreeBranchMotion.uexp" 897
"../../../Engine/Content/Functions/Engine_MaterialFunctions02/ObjectLocalBounds.uasset" 898
"../../../Engine/Content/Functions/Engine_MaterialFunctions02/ObjectLocalBounds.uexp" 899
"../../../Engine/Content/Functions/Engine_MaterialFunctions02/UVs/BoundingBoxBased_0-1_UVW.uasset" 900
"../../../Engine/Content/Functions/Engine_MaterialFunctions02/UVs/BoundingBoxBased_0-1_UVW.uexp" 901
"../../../Engine/Content/Functions/Engine_MaterialFunctions02/WorldPositionOffset/ObjectScale.uasset" 902
"../../../Engine/Content/Functions/Engine_MaterialFunctions02/WorldPositionOffset/ObjectScale.uexp" 903
"../../../Engine/Plugins/Editor/SpeedTreeImporter/Content/SpeedTree9/SpeedTreeWind.uasset" 904
"../../../Engine/Plugins/Editor/SpeedTreeImporter/Content/SpeedTree9/SpeedTreeWind.uexp" 905
"../../../Engine/Plugins/Editor/SpeedTreeImporter/Content/SpeedTree9/SpeedTreeBillboard.uasset" 906
"../../../Engine/Plugins/Editor/SpeedTreeImporter/Content/SpeedTree9/SpeedTreeBillboard.uexp" 907
"../../../Engine/Plugins/Editor/SpeedTreeImporter/Content/SpeedTree9/EmptyNormal.uasset" 908
"../../../Engine/Plugins/Editor/SpeedTreeImporter/Content/SpeedTree9/EmptyNormal.uexp" 909
"../../../Engine/Plugins/Editor/SpeedTreeImporter/Content/SpeedTree9/Empty.uasset" 910
"../../../Engine/Plugins/Editor/SpeedTreeImporter/Content/SpeedTree9/Empty.uexp" 911
"../../../Engine/Plugins/Editor/SpeedTreeImporter/Content/SpeedTree9/SpeedTreeBillboardMaster.uasset" 912
"../../../Engine/Plugins/Editor/SpeedTreeImporter/Content/SpeedTree9/SpeedTreeBillboardMaster.uexp" 913
"../../../Engine/Plugins/Editor/SpeedTreeImporter/Content/SpeedTree9/SpeedTreeCameraFacing.uasset" 914
"../../../Engine/Plugins/Editor/SpeedTreeImporter/Content/SpeedTree9/SpeedTreeCameraFacing.uexp" 915
"../../../Engine/Plugins/Editor/SpeedTreeImporter/Content/SpeedTree9/SpeedTreeMaster.uasset" 916
"../../../Engine/Plugins/Editor/SpeedTreeImporter/Content/SpeedTree9/SpeedTreeMaster.uexp" 917
"../../../Engine/Content/BasicShapes/Cylinder.uasset" 918
"../../../Engine/Content/BasicShapes/Cylinder.uexp" 919
"../../../Engine/Content/ArtTools/RenderToTexture/Materials/Debug/M_Emissive_Color.uasset" 920
"../../../Engine/Content/ArtTools/RenderToTexture/Materials/Debug/M_Emissive_Color.uexp" 921
"../../../Engine/Plugins/Lumin/MagicLeapPassableWorld/Content/MagicLeapARPinInfoActor.uasset" 922
"../../../Engine/Plugins/Lumin/MagicLeapPassableWorld/Content/MagicLeapARPinInfoActor.uexp" 923
"../../../Engine/Plugins/Runtime/OpenXR/Content/Devices/GoogleDaydream/MRTexture.uasset" 924
"../../../Engine/Plugins/Runtime/OpenXR/Content/Devices/GoogleDaydream/MRTexture.uexp" 925
"../../../Engine/Plugins/Runtime/OpenXR/Content/Devices/GoogleDaydream/MRTexture.ubulk" 926
"../../../Engine/Plugins/Runtime/OpenXR/Content/Devices/GoogleDaydream/BaseTexture.uasset" 927
"../../../Engine/Plugins/Runtime/OpenXR/Content/Devices/GoogleDaydream/BaseTexture.uexp" 928
"../../../Engine/Plugins/Runtime/OpenXR/Content/Devices/GoogleDaydream/BaseTexture.ubulk" 929
"../../../Engine/Content/EngineResources/Black.uasset" 930
"../../../Engine/Content/EngineResources/Black.uexp" 931
"../../../Engine/Plugins/Runtime/OpenXR/Content/Devices/M_XRController.uasset" 932
"../../../Engine/Plugins/Runtime/OpenXR/Content/Devices/M_XRController.uexp" 933
"../../../Engine/Plugins/Runtime/OpenXR/Content/Devices/GoogleDaydream/MI_GoogleDaydream.uasset" 934
"../../../Engine/Plugins/Runtime/OpenXR/Content/Devices/GoogleDaydream/MI_GoogleDaydream.uexp" 935
"../../../Engine/Plugins/Runtime/OpenXR/Content/Devices/GoogleDaydream/GoogleDaydreamController.uasset" 936
"../../../Engine/Plugins/Runtime/OpenXR/Content/Devices/GoogleDaydream/GoogleDaydreamController.uexp" 937
"../../../Engine/Plugins/Runtime/OpenXR/Content/Devices/HTCVive/BaseTexture.uasset" 938
"../../../Engine/Plugins/Runtime/OpenXR/Content/Devices/HTCVive/BaseTexture.uexp" 939
"../../../Engine/Plugins/Runtime/OpenXR/Content/Devices/HTCVive/BaseTexture.ubulk" 940
"../../../Engine/Plugins/Runtime/OpenXR/Content/Devices/HTCVive/MI_HTCVive.uasset" 941
"../../../Engine/Plugins/Runtime/OpenXR/Content/Devices/HTCVive/MI_HTCVive.uexp" 942
"../../../Engine/Plugins/Runtime/OpenXR/Content/Devices/HTCVive/HTCViveController.uasset" 943
"../../../Engine/Plugins/Runtime/OpenXR/Content/Devices/HTCVive/HTCViveController.uexp" 944
"../../../Engine/Plugins/Runtime/OpenXR/Content/Devices/MicrosoftMixedReality/NormalTexture.uasset" 945
"../../../Engine/Plugins/Runtime/OpenXR/Content/Devices/MicrosoftMixedReality/NormalTexture.uexp" 946
"../../../Engine/Plugins/Runtime/OpenXR/Content/Devices/MicrosoftMixedReality/NormalTexture.ubulk" 947
"../../../Engine/Plugins/Runtime/OpenXR/Content/Devices/MicrosoftMixedReality/MRTexture.uasset" 948
"../../../Engine/Plugins/Runtime/OpenXR/Content/Devices/MicrosoftMixedReality/MRTexture.uexp" 949
"../../../Engine/Plugins/Runtime/OpenXR/Content/Devices/MicrosoftMixedReality/MRTexture.ubulk" 950
"../../../Engine/Plugins/Runtime/OpenXR/Content/Devices/MicrosoftMixedReality/EmissiveTexture.uasset" 951
"../../../Engine/Plugins/Runtime/OpenXR/Content/Devices/MicrosoftMixedReality/EmissiveTexture.uexp" 952
"../../../Engine/Plugins/Runtime/OpenXR/Content/Devices/MicrosoftMixedReality/EmissiveTexture.ubulk" 953
"../../../Engine/Plugins/Runtime/OpenXR/Content/Devices/MicrosoftMixedReality/BaseTexture.uasset" 954
"../../../Engine/Plugins/Runtime/OpenXR/Content/Devices/MicrosoftMixedReality/BaseTexture.uexp" 955
"../../../Engine/Plugins/Runtime/OpenXR/Content/Devices/MicrosoftMixedReality/BaseTexture.ubulk" 956
"../../../Engine/Plugins/Runtime/OpenXR/Content/Devices/MicrosoftMixedReality/MI_MicrosoftMixedReality.uasset" 957
"../../../Engine/Plugins/Runtime/OpenXR/Content/Devices/MicrosoftMixedReality/MI_MicrosoftMixedReality.uexp" 958
"../../../Engine/Plugins/Runtime/OpenXR/Content/Devices/MicrosoftMixedReality/Left/left_MicrosoftMixedRealityController.uasset" 959
"../../../Engine/Plugins/Runtime/OpenXR/Content/Devices/MicrosoftMixedReality/Left/left_MicrosoftMixedRealityController.uexp" 960
"../../../Engine/Plugins/Runtime/OpenXR/Content/Devices/MicrosoftMixedReality/Right/right_MicrosoftMixedRealityController.uasset" 961
"../../../Engine/Plugins/Runtime/OpenXR/Content/Devices/MicrosoftMixedReality/Right/right_MicrosoftMixedRealityController.uexp" 962
"../../../Engine/Plugins/Runtime/OpenXR/Content/Devices/OculusGo/BaseTexture.uasset" 963
"../../../Engine/Plugins/Runtime/OpenXR/Content/Devices/OculusGo/BaseTexture.uexp" 964
"../../../Engine/Plugins/Runtime/OpenXR/Content/Devices/OculusGo/BaseTexture.ubulk" 965
"../../../Engine/Plugins/Runtime/OpenXR/Content/Devices/OculusGo/MI_OculusGo.uasset" 966
"../../../Engine/Plugins/Runtime/OpenXR/Content/Devices/OculusGo/MI_OculusGo.uexp" 967
"../../../Engine/Plugins/Runtime/OpenXR/Content/Devices/OculusGo/OculusGoController.uasset" 968
"../../../Engine/Plugins/Runtime/OpenXR/Content/Devices/OculusGo/OculusGoController.uexp" 969
"../../../Engine/Plugins/Runtime/OpenXR/Content/Devices/OculusTouch/MRTexture.uasset" 970
"../../../Engine/Plugins/Runtime/OpenXR/Content/Devices/OculusTouch/MRTexture.uexp" 971
"../../../Engine/Plugins/Runtime/OpenXR/Content/Devices/OculusTouch/MRTexture.ubulk" 972
"../../../Engine/Plugins/Runtime/OpenXR/Content/Devices/OculusTouch/BaseTexture.uasset" 973
"../../../Engine/Plugins/Runtime/OpenXR/Content/Devices/OculusTouch/BaseTexture.uexp" 974
"../../../Engine/Plugins/Runtime/OpenXR/Content/Devices/OculusTouch/BaseTexture.ubulk" 975
"../../../Engine/Plugins/Runtime/OpenXR/Content/Devices/OculusTouch/MI_OculusTouch.uasset" 976
"../../../Engine/Plugins/Runtime/OpenXR/Content/Devices/OculusTouch/MI_OculusTouch.uexp" 977
"../../../Engine/Plugins/Runtime/OpenXR/Content/Devices/OculusTouch/Left/left_OculusTouchController.uasset" 978
"../../../Engine/Plugins/Runtime/OpenXR/Content/Devices/OculusTouch/Left/left_OculusTouchController.uexp" 979
"../../../Engine/Plugins/Runtime/OpenXR/Content/Devices/OculusTouch/Right/right_OculusTouchController.uasset" 980
"../../../Engine/Plugins/Runtime/OpenXR/Content/Devices/OculusTouch/Right/right_OculusTouchController.uexp" 981
"../../../Engine/Plugins/Runtime/OpenXR/Content/Devices/OculusTouch_v2/MRTexture.uasset" 982
"../../../Engine/Plugins/Runtime/OpenXR/Content/Devices/OculusTouch_v2/MRTexture.uexp" 983
"../../../Engine/Plugins/Runtime/OpenXR/Content/Devices/OculusTouch_v2/MRTexture.ubulk" 984
"../../../Engine/Plugins/Runtime/OpenXR/Content/Devices/OculusTouch_v2/BaseTexture.uasset" 985
"../../../Engine/Plugins/Runtime/OpenXR/Content/Devices/OculusTouch_v2/BaseTexture.uexp" 986
"../../../Engine/Plugins/Runtime/OpenXR/Content/Devices/OculusTouch_v2/BaseTexture.ubulk" 987
"../../../Engine/Plugins/Runtime/OpenXR/Content/Devices/OculusTouch_v2/MI_OculusTouch_v2.uasset" 988
"../../../Engine/Plugins/Runtime/OpenXR/Content/Devices/OculusTouch_v2/MI_OculusTouch_v2.uexp" 989
"../../../Engine/Plugins/Runtime/OpenXR/Content/Devices/OculusTouch_v2/Left/left_OculusTouch_v2Controller.uasset" 990
"../../../Engine/Plugins/Runtime/OpenXR/Content/Devices/OculusTouch_v2/Left/left_OculusTouch_v2Controller.uexp" 991
"../../../Engine/Plugins/Runtime/OpenXR/Content/Devices/OculusTouch_v2/Right/right_OculusTouch_v2Controller.uasset" 992
"../../../Engine/Plugins/Runtime/OpenXR/Content/Devices/OculusTouch_v2/Right/right_OculusTouch_v2Controller.uexp" 993
"../../../Engine/Plugins/Runtime/OpenXR/Content/Devices/OculusTouch_v3/MRTexture.uasset" 994
"../../../Engine/Plugins/Runtime/OpenXR/Content/Devices/OculusTouch_v3/MRTexture.uexp" 995
"../../../Engine/Plugins/Runtime/OpenXR/Content/Devices/OculusTouch_v3/MRTexture.ubulk" 996
"../../../Engine/Plugins/Runtime/OpenXR/Content/Devices/OculusTouch_v3/BaseTexture.uasset" 997
"../../../Engine/Plugins/Runtime/OpenXR/Content/Devices/OculusTouch_v3/BaseTexture.uexp" 998
"../../../Engine/Plugins/Runtime/OpenXR/Content/Devices/OculusTouch_v3/BaseTexture.ubulk" 999
"../../../Engine/Plugins/Runtime/OpenXR/Content/Devices/OculusTouch_v3/MI_OculusTouch_v3.uasset" 1000
"../../../Engine/Plugins/Runtime/OpenXR/Content/Devices/OculusTouch_v3/MI_OculusTouch_v3.uexp" 1001
"../../../Engine/Plugins/Runtime/OpenXR/Content/Devices/OculusTouch_v3/Left/left_OculusTouch_v3Controller.uasset" 1002
"../../../Engine/Plugins/Runtime/OpenXR/Content/Devices/OculusTouch_v3/Left/left_OculusTouch_v3Controller.uexp" 1003
"../../../Engine/Plugins/Runtime/OpenXR/Content/Devices/OculusTouch_v3/Right/right_OculusTouch_v3Controller.uasset" 1004
"../../../Engine/Plugins/Runtime/OpenXR/Content/Devices/OculusTouch_v3/Right/right_OculusTouch_v3Controller.uexp" 1005
"../../../Engine/Plugins/Runtime/OpenXR/Content/Devices/ValveIndex/MRTexture.uasset" 1006
"../../../Engine/Plugins/Runtime/OpenXR/Content/Devices/ValveIndex/MRTexture.uexp" 1007
"../../../Engine/Plugins/Runtime/OpenXR/Content/Devices/ValveIndex/MRTexture.ubulk" 1008
"../../../Engine/Plugins/Runtime/OpenXR/Content/Devices/ValveIndex/BaseTexture.uasset" 1009
"../../../Engine/Plugins/Runtime/OpenXR/Content/Devices/ValveIndex/BaseTexture.uexp" 1010
"../../../Engine/Plugins/Runtime/OpenXR/Content/Devices/ValveIndex/BaseTexture.ubulk" 1011
"../../../Engine/Plugins/Runtime/OpenXR/Content/Devices/ValveIndex/Left/MI_left_ValveIndex.uasset" 1012
"../../../Engine/Plugins/Runtime/OpenXR/Content/Devices/ValveIndex/Left/MI_left_ValveIndex.uexp" 1013
"../../../Engine/Plugins/Runtime/OpenXR/Content/Devices/ValveIndex/Left/left_ValveIndexController.uasset" 1014
"../../../Engine/Plugins/Runtime/OpenXR/Content/Devices/ValveIndex/Left/left_ValveIndexController.uexp" 1015
"../../../Engine/Plugins/Runtime/OpenXR/Content/Devices/ValveIndex/Right/MI_right_ValveIndex.uasset" 1016
"../../../Engine/Plugins/Runtime/OpenXR/Content/Devices/ValveIndex/Right/MI_right_ValveIndex.uexp" 1017
"../../../Engine/Plugins/Runtime/OpenXR/Content/Devices/ValveIndex/Right/right_ValveIndexController.uasset" 1018
"../../../Engine/Plugins/Runtime/OpenXR/Content/Devices/ValveIndex/Right/right_ValveIndexController.uexp" 1019
"../../../Engine/Content/Functions/Engine_MaterialFunctions02/Utility/BreakOutFloat4Components.uasset" 1020
"../../../Engine/Content/Functions/Engine_MaterialFunctions02/Utility/BreakOutFloat4Components.uexp" 1021
"../../../Engine/Plugins/Runtime/Oculus/OculusVR/Content/Materials/OculusMR_ChromaKey.uasset" 1022
"../../../Engine/Plugins/Runtime/Oculus/OculusVR/Content/Materials/OculusMR_ChromaKey.uexp" 1023
"../../../Engine/Plugins/Runtime/Oculus/OculusVR/Content/Materials/OculusMR_OpaqueColoredMaterial.uasset" 1024
"../../../Engine/Plugins/Runtime/Oculus/OculusVR/Content/Materials/OculusMR_OpaqueColoredMaterial.uexp" 1025
"../../../Engine/Plugins/Runtime/Oculus/OculusVR/Content/Materials/PokeAHoleMaterial.uasset" 1026
"../../../Engine/Plugins/Runtime/Oculus/OculusVR/Content/Materials/PokeAHoleMaterial.uexp" 1027
"../../../Engine/Plugins/Runtime/Oculus/OculusVR/Content/Textures/touchController_controlmap.uasset" 1028
"../../../Engine/Plugins/Runtime/Oculus/OculusVR/Content/Textures/touchController_controlmap.uexp" 1029
"../../../Engine/Plugins/Runtime/Oculus/OculusVR/Content/Textures/touchController_controlmap.ubulk" 1030
"../../../Engine/Plugins/Runtime/Oculus/OculusVR/Content/Textures/touchController_albedo.uasset" 1031
"../../../Engine/Plugins/Runtime/Oculus/OculusVR/Content/Textures/touchController_albedo.uexp" 1032
"../../../Engine/Plugins/Runtime/Oculus/OculusVR/Content/Textures/touchController_albedo.ubulk" 1033
"../../../Engine/Plugins/Runtime/Oculus/OculusVR/Content/Materials/touchController_mat.uasset" 1034
"../../../Engine/Plugins/Runtime/Oculus/OculusVR/Content/Materials/touchController_mat.uexp" 1035
"../../../Engine/Plugins/Runtime/Oculus/OculusVR/Content/Meshes/LeftTouchController.uasset" 1036
"../../../Engine/Plugins/Runtime/Oculus/OculusVR/Content/Meshes/LeftTouchController.uexp" 1037
"../../../Engine/Plugins/Runtime/Oculus/OculusVR/Content/Textures/TouchForQuestRiftSController_albedo.uasset" 1038
"../../../Engine/Plugins/Runtime/Oculus/OculusVR/Content/Textures/TouchForQuestRiftSController_albedo.uexp" 1039
"../../../Engine/Plugins/Runtime/Oculus/OculusVR/Content/Textures/TouchForQuestRiftSController_albedo.ubulk" 1040
"../../../Engine/Plugins/Runtime/Oculus/OculusVR/Content/Materials/TouchForQuestRiftSControllerMaterial.uasset" 1041
"../../../Engine/Plugins/Runtime/Oculus/OculusVR/Content/Materials/TouchForQuestRiftSControllerMaterial.uexp" 1042
"../../../Engine/Plugins/Runtime/Oculus/OculusVR/Content/Meshes/LeftTouchForQuestRiftSController.uasset" 1043
"../../../Engine/Plugins/Runtime/Oculus/OculusVR/Content/Meshes/LeftTouchForQuestRiftSController.uexp" 1044
"../../../Engine/Plugins/Runtime/Oculus/OculusVR/Content/Meshes/RiftHMD.uasset" 1045
"../../../Engine/Plugins/Runtime/Oculus/OculusVR/Content/Meshes/RiftHMD.uexp" 1046
"../../../Engine/Plugins/Runtime/Oculus/OculusVR/Content/Meshes/RightTouchController.uasset" 1047
"../../../Engine/Plugins/Runtime/Oculus/OculusVR/Content/Meshes/RightTouchController.uexp" 1048
"../../../Engine/Plugins/Runtime/Oculus/OculusVR/Content/Meshes/RightTouchForQuestRiftSController.uasset" 1049
"../../../Engine/Plugins/Runtime/Oculus/OculusVR/Content/Meshes/RightTouchForQuestRiftSController.uexp" 1050
"../../../Engine/Content/Maps/Entry_BuiltData.uasset" 1051
"../../../Engine/Content/Maps/Entry_BuiltData.uexp" 1052
"../../../Engine/Content/Maps/Entry.uexp" 1053
"../../../Engine/Content/Maps/Entry.umap" 1054
"C:/Users/Misha/UnrealProject/UE4-Multiplayer-Dynamic-Assets/MultiplayerProject/Content/MyContent/BP/BP_NetworkGameInstance.uasset" 1055
"C:/Users/Misha/UnrealProject/UE4-Multiplayer-Dynamic-Assets/MultiplayerProject/Content/MyContent/BP/BP_NetworkGameInstance.uexp" 1056
"C:/Users/Misha/UnrealProject/UE4-Multiplayer-Dynamic-Assets/MultiplayerProject/Content/MyContent/Wdgets/WBP_Main_Menu.uasset" 1057
"C:/Users/Misha/UnrealProject/UE4-Multiplayer-Dynamic-Assets/MultiplayerProject/Content/MyContent/Wdgets/WBP_Main_Menu.uexp" 1058
"C:/Users/Misha/UnrealProject/UE4-Multiplayer-Dynamic-Assets/MultiplayerProject/Content/MyContent/Level/MainMenu.uexp" 1059
"C:/Users/Misha/UnrealProject/UE4-Multiplayer-Dynamic-Assets/MultiplayerProject/Content/MyContent/Level/MainMenu.umap" 1060
